{"/home/travis/build/npmtest/node-npmtest-i18n-abide/test.js":{"path":"/home/travis/build/npmtest/node-npmtest-i18n-abide/test.js","s":{"1":2,"2":2,"3":2,"4":2,"5":2,"6":2,"7":2,"8":1,"9":2,"10":2,"11":1,"12":1,"13":1,"14":1,"15":2,"16":2,"17":2,"18":2,"19":1,"20":1,"21":2,"22":2,"23":2,"24":1,"25":1,"26":1,"27":1,"28":1,"29":1,"30":1,"31":1,"32":1,"33":1,"34":1,"35":1,"36":1,"37":1,"38":1,"39":2,"40":2,"41":1,"42":2,"43":2,"44":1,"45":2,"46":2,"47":1,"48":2,"49":2,"50":1,"51":1,"52":1,"53":1,"54":1},"b":{"1":[2,1,1,1],"2":[1,1,1,1],"3":[1,1],"4":[1,1],"5":[1,1],"6":[1,1],"7":[1,1],"8":[1,1],"9":[1,1],"10":[1,1,1],"11":[1,1],"12":[1,1],"13":[1,1],"14":[1,1],"15":[1,1],"16":[1,1],"17":[1,1]},"f":{"1":2,"2":2,"3":2,"4":2,"5":2,"6":1,"7":1,"8":1,"9":2,"10":2,"11":2,"12":2,"13":1},"fnMap":{"1":{"name":"(anonymous_1)","line":12,"loc":{"start":{"line":12,"column":1},"end":{"line":12,"column":13}}},"2":{"name":"(anonymous_2)","line":19,"loc":{"start":{"line":19,"column":5},"end":{"line":19,"column":17}}},"3":{"name":"(anonymous_3)","line":23,"loc":{"start":{"line":23,"column":24},"end":{"line":23,"column":36}}},"4":{"name":"(anonymous_4)","line":61,"loc":{"start":{"line":61,"column":5},"end":{"line":61,"column":17}}},"5":{"name":"(anonymous_5)","line":82,"loc":{"start":{"line":82,"column":5},"end":{"line":82,"column":17}}},"6":{"name":"(anonymous_6)","line":91,"loc":{"start":{"line":91,"column":77},"end":{"line":94,"column":10}}},"7":{"name":"(anonymous_7)","line":112,"loc":{"start":{"line":112,"column":83},"end":{"line":115,"column":10}},"skip":true},"8":{"name":"(anonymous_8)","line":123,"loc":{"start":{"line":123,"column":77},"end":{"line":126,"column":10}},"skip":true},"9":{"name":"(anonymous_9)","line":139,"loc":{"start":{"line":139,"column":12},"end":{"line":139,"column":40}},"skip":true},"10":{"name":"(anonymous_10)","line":147,"loc":{"start":{"line":147,"column":77},"end":{"line":150,"column":10}},"skip":true},"11":{"name":"(anonymous_11)","line":158,"loc":{"start":{"line":158,"column":83},"end":{"line":161,"column":10}},"skip":true},"12":{"name":"(anonymous_12)","line":169,"loc":{"start":{"line":169,"column":79},"end":{"line":172,"column":10}},"skip":true},"13":{"name":"(anonymous_13)","line":180,"loc":{"start":{"line":180,"column":75},"end":{"line":183,"column":10}},"skip":true}},"statementMap":{"1":{"start":{"line":12,"column":0},"end":{"line":195,"column":5}},"2":{"start":{"line":14,"column":4},"end":{"line":14,"column":14}},"3":{"start":{"line":19,"column":4},"end":{"line":56,"column":9}},"4":{"start":{"line":21,"column":8},"end":{"line":21,"column":19}},"5":{"start":{"line":23,"column":8},"end":{"line":35,"column":13}},"6":{"start":{"line":24,"column":12},"end":{"line":34,"column":13}},"7":{"start":{"line":25,"column":16},"end":{"line":28,"column":30}},"8":{"start":{"line":30,"column":16},"end":{"line":33,"column":27}},"9":{"start":{"line":37,"column":8},"end":{"line":39,"column":21}},"10":{"start":{"line":40,"column":8},"end":{"line":53,"column":9}},"11":{"start":{"line":43,"column":12},"end":{"line":46,"column":14}},"12":{"start":{"line":47,"column":12},"end":{"line":47,"column":18}},"13":{"start":{"line":50,"column":12},"end":{"line":51,"column":33}},"14":{"start":{"line":52,"column":12},"end":{"line":52,"column":18}},"15":{"start":{"line":55,"column":8},"end":{"line":55,"column":35}},"16":{"start":{"line":61,"column":4},"end":{"line":63,"column":9}},"17":{"start":{"line":62,"column":8},"end":{"line":62,"column":15}},"18":{"start":{"line":64,"column":4},"end":{"line":77,"column":5}},"19":{"start":{"line":70,"column":8},"end":{"line":70,"column":14}},"20":{"start":{"line":76,"column":8},"end":{"line":76,"column":14}},"21":{"start":{"line":82,"column":4},"end":{"line":84,"column":9}},"22":{"start":{"line":83,"column":8},"end":{"line":83,"column":15}},"23":{"start":{"line":85,"column":4},"end":{"line":194,"column":5}},"24":{"start":{"line":91,"column":8},"end":{"line":99,"column":10}},"25":{"start":{"line":98,"column":12},"end":{"line":98,"column":35}},"26":{"start":{"line":102,"column":8},"end":{"line":104,"column":63}},"27":{"start":{"line":105,"column":8},"end":{"line":105,"column":14}},"28":{"start":{"line":112,"column":8},"end":{"line":121,"column":10},"skip":true},"29":{"start":{"line":119,"column":12},"end":{"line":119,"column":55},"skip":true},"30":{"start":{"line":120,"column":12},"end":{"line":120,"column":48},"skip":true},"31":{"start":{"line":123,"column":8},"end":{"line":136,"column":10},"skip":true},"32":{"start":{"line":130,"column":12},"end":{"line":130,"column":76},"skip":true},"33":{"start":{"line":131,"column":12},"end":{"line":131,"column":73},"skip":true},"34":{"start":{"line":132,"column":12},"end":{"line":132,"column":74},"skip":true},"35":{"start":{"line":133,"column":12},"end":{"line":133,"column":79},"skip":true},"36":{"start":{"line":134,"column":12},"end":{"line":134,"column":25},"skip":true},"37":{"start":{"line":135,"column":12},"end":{"line":135,"column":45},"skip":true},"38":{"start":{"line":138,"column":8},"end":{"line":145,"column":14},"skip":true},"39":{"start":{"line":143,"column":16},"end":{"line":143,"column":29},"skip":true},"40":{"start":{"line":144,"column":16},"end":{"line":144,"column":55},"skip":true},"41":{"start":{"line":147,"column":8},"end":{"line":156,"column":10},"skip":true},"42":{"start":{"line":154,"column":12},"end":{"line":154,"column":25},"skip":true},"43":{"start":{"line":155,"column":12},"end":{"line":155,"column":45},"skip":true},"44":{"start":{"line":158,"column":8},"end":{"line":167,"column":10},"skip":true},"45":{"start":{"line":165,"column":12},"end":{"line":165,"column":25},"skip":true},"46":{"start":{"line":166,"column":12},"end":{"line":166,"column":48},"skip":true},"47":{"start":{"line":169,"column":8},"end":{"line":178,"column":10},"skip":true},"48":{"start":{"line":176,"column":12},"end":{"line":176,"column":25},"skip":true},"49":{"start":{"line":177,"column":12},"end":{"line":177,"column":46},"skip":true},"50":{"start":{"line":180,"column":8},"end":{"line":189,"column":10},"skip":true},"51":{"start":{"line":187,"column":12},"end":{"line":187,"column":94},"skip":true},"52":{"start":{"line":188,"column":12},"end":{"line":188,"column":48},"skip":true},"53":{"start":{"line":192,"column":8},"end":{"line":192,"column":35},"skip":true},"54":{"start":{"line":193,"column":8},"end":{"line":193,"column":14},"skip":true}},"branchMap":{"1":{"line":25,"type":"binary-expr","locations":[{"start":{"line":25,"column":23},"end":{"line":25,"column":62}},{"start":{"line":26,"column":20},"end":{"line":26,"column":70}},{"start":{"line":27,"column":20},"end":{"line":27,"column":71}},{"start":{"line":28,"column":20},"end":{"line":28,"column":29}}]},"2":{"line":30,"type":"binary-expr","locations":[{"start":{"line":30,"column":23},"end":{"line":30,"column":37}},{"start":{"line":31,"column":20},"end":{"line":31,"column":61}},{"start":{"line":32,"column":20},"end":{"line":32,"column":70}},{"start":{"line":33,"column":20},"end":{"line":33,"column":26}}]},"3":{"line":37,"type":"cond-expr","locations":[{"start":{"line":38,"column":14},"end":{"line":38,"column":20}},{"start":{"line":39,"column":14},"end":{"line":39,"column":20}}]},"4":{"line":40,"type":"switch","locations":[{"start":{"line":42,"column":8},"end":{"line":47,"column":18}},{"start":{"line":49,"column":8},"end":{"line":52,"column":18}}]},"5":{"line":44,"type":"binary-expr","locations":[{"start":{"line":44,"column":16},"end":{"line":44,"column":44}},{"start":{"line":44,"column":48},"end":{"line":44,"column":66}}]},"6":{"line":50,"type":"binary-expr","locations":[{"start":{"line":50,"column":21},"end":{"line":50,"column":49}},{"start":{"line":50,"column":53},"end":{"line":50,"column":72}}]},"7":{"line":64,"type":"switch","locations":[{"start":{"line":69,"column":4},"end":{"line":70,"column":14}},{"start":{"line":75,"column":4},"end":{"line":76,"column":14}}]},"8":{"line":85,"type":"switch","locations":[{"start":{"line":90,"column":4},"end":{"line":105,"column":14}},{"start":{"line":111,"column":4},"end":{"line":193,"column":14},"skip":true}]},"9":{"line":91,"type":"binary-expr","locations":[{"start":{"line":91,"column":42},"end":{"line":91,"column":73}},{"start":{"line":91,"column":77},"end":{"line":99,"column":9}}]},"10":{"line":102,"type":"binary-expr","locations":[{"start":{"line":102,"column":18},"end":{"line":102,"column":32}},{"start":{"line":103,"column":12},"end":{"line":103,"column":53}},{"start":{"line":104,"column":12},"end":{"line":104,"column":61}}]},"11":{"line":112,"type":"binary-expr","locations":[{"start":{"line":112,"column":45},"end":{"line":112,"column":79},"skip":true},{"start":{"line":112,"column":83},"end":{"line":121,"column":9},"skip":true}]},"12":{"line":123,"type":"binary-expr","locations":[{"start":{"line":123,"column":42},"end":{"line":123,"column":73},"skip":true},{"start":{"line":123,"column":77},"end":{"line":136,"column":9},"skip":true}]},"13":{"line":138,"type":"binary-expr","locations":[{"start":{"line":138,"column":48},"end":{"line":138,"column":85},"skip":true},{"start":{"line":139,"column":12},"end":{"line":145,"column":13},"skip":true}]},"14":{"line":147,"type":"binary-expr","locations":[{"start":{"line":147,"column":42},"end":{"line":147,"column":73},"skip":true},{"start":{"line":147,"column":77},"end":{"line":156,"column":9},"skip":true}]},"15":{"line":158,"type":"binary-expr","locations":[{"start":{"line":158,"column":45},"end":{"line":158,"column":79},"skip":true},{"start":{"line":158,"column":83},"end":{"line":167,"column":9},"skip":true}]},"16":{"line":169,"type":"binary-expr","locations":[{"start":{"line":169,"column":43},"end":{"line":169,"column":75},"skip":true},{"start":{"line":169,"column":79},"end":{"line":178,"column":9},"skip":true}]},"17":{"line":180,"type":"binary-expr","locations":[{"start":{"line":180,"column":41},"end":{"line":180,"column":71},"skip":true},{"start":{"line":180,"column":75},"end":{"line":189,"column":9},"skip":true}]}},"code":["/* istanbul instrument in package npmtest_i18n_abide */","/*jslint","    bitwise: true,","    browser: true,","    maxerr: 8,","    maxlen: 96,","    node: true,","    nomen: true,","    regexp: true,","    stupid: true","*/","(function () {","    'use strict';","    var local;","","","","    // run shared js-env code - pre-init","    (function () {","        // init local","        local = {};","        // init modeJs","        local.modeJs = (function () {","            try {","                return typeof navigator.userAgent === 'string' &&","                    typeof document.querySelector('body') === 'object' &&","                    typeof XMLHttpRequest.prototype.open === 'function' &&","                    'browser';","            } catch (errorCaughtBrowser) {","                return module.exports &&","                    typeof process.versions.node === 'string' &&","                    typeof require('http').createServer === 'function' &&","                    'node';","            }","        }());","        // init global","        local.global = local.modeJs === 'browser'","            ? window","            : global;","        switch (local.modeJs) {","        // re-init local from window.local","        case 'browser':","            local = local.global.utility2.objectSetDefault(","                local.global.utility2_rollup || local.global.local,","                local.global.utility2","            );","            break;","        // re-init local from example.js","        case 'node':","            local = (local.global.utility2_rollup || require('utility2'))","                .requireReadme();","            break;","        }","        // export local","        local.global.local = local;","    }());","","","","    // run shared js-env code - function","    (function () {","        return;","    }());","    switch (local.modeJs) {","","","","    // run browser js-env code - function","    case 'browser':","        break;","","","","    // run node js-env code - function","    case 'node':","        break;","    }","","","","    // run shared js-env code - post-init","    (function () {","        return;","    }());","    switch (local.modeJs) {","","","","    // run browser js-env code - post-init","    case 'browser':","        local.testCase_browser_nullCase = local.testCase_browser_nullCase || function (","            options,","            onError","        ) {","        /*","         * this function will test browsers's null-case handling-behavior-behavior","         */","            onError(null, options);","        };","","        // run tests","        local.nop(local.modeTest &&","            document.querySelector('#testRunButton1') &&","            document.querySelector('#testRunButton1').click());","        break;","","","","    // run node js-env code - post-init","    /* istanbul ignore next */","    case 'node':","        local.testCase_buildApidoc_default = local.testCase_buildApidoc_default || function (","            options,","            onError","        ) {","        /*","         * this function will test buildApidoc's default handling-behavior-behavior","         */","            options = { modulePathList: module.paths };","            local.buildApidoc(options, onError);","        };","","        local.testCase_buildApp_default = local.testCase_buildApp_default || function (","            options,","            onError","        ) {","        /*","         * this function will test buildApp's default handling-behavior-behavior","         */","            local.testCase_buildReadme_default(options, local.onErrorThrow);","            local.testCase_buildLib_default(options, local.onErrorThrow);","            local.testCase_buildTest_default(options, local.onErrorThrow);","            local.testCase_buildCustomOrg_default(options, local.onErrorThrow);","            options = [];","            local.buildApp(options, onError);","        };","","        local.testCase_buildCustomOrg_default = local.testCase_buildCustomOrg_default ||","            function (options, onError) {","            /*","             * this function will test buildCustomOrg's default handling-behavior","             */","                options = {};","                local.buildCustomOrg(options, onError);","            };","","        local.testCase_buildLib_default = local.testCase_buildLib_default || function (","            options,","            onError","        ) {","        /*","         * this function will test buildLib's default handling-behavior","         */","            options = {};","            local.buildLib(options, onError);","        };","","        local.testCase_buildReadme_default = local.testCase_buildReadme_default || function (","            options,","            onError","        ) {","        /*","         * this function will test buildReadme's default handling-behavior-behavior","         */","            options = {};","            local.buildReadme(options, onError);","        };","","        local.testCase_buildTest_default = local.testCase_buildTest_default || function (","            options,","            onError","        ) {","        /*","         * this function will test buildTest's default handling-behavior","         */","            options = {};","            local.buildTest(options, onError);","        };","","        local.testCase_webpage_default = local.testCase_webpage_default || function (","            options,","            onError","        ) {","        /*","         * this function will test webpage's default handling-behavior","         */","            options = { modeCoverageMerge: true, url: local.serverLocalHost + '?modeTest=1' };","            local.browserTest(options, onError);","        };","","        // run test-server","        local.testRunServer(local);","        break;","    }","}());",""],"l":{"12":2,"14":2,"19":2,"21":2,"23":2,"24":2,"25":2,"30":1,"37":2,"40":2,"43":1,"47":1,"50":1,"52":1,"55":2,"61":2,"62":2,"64":2,"70":1,"76":1,"82":2,"83":2,"85":2,"91":1,"98":1,"102":1,"105":1,"112":1,"119":1,"120":1,"123":1,"130":1,"131":1,"132":1,"133":1,"134":1,"135":1,"138":1,"143":2,"144":2,"147":1,"154":2,"155":2,"158":1,"165":2,"166":2,"169":1,"176":2,"177":2,"180":1,"187":1,"188":1,"192":1,"193":1}},"/home/travis/build/npmtest/node-npmtest-i18n-abide/lib.npmtest_i18n_abide.js":{"path":"/home/travis/build/npmtest/node-npmtest-i18n-abide/lib.npmtest_i18n_abide.js","s":{"1":2,"2":2,"3":2,"4":2,"5":2,"6":2,"7":2,"8":1,"9":2,"10":2,"11":2,"12":2,"13":1,"14":1,"15":1,"16":1},"b":{"1":[2,1,1,1],"2":[1,1,1,1],"3":[1,1],"4":[2,2],"5":[1,1]},"f":{"1":2,"2":2,"3":2},"fnMap":{"1":{"name":"(anonymous_1)","line":12,"loc":{"start":{"line":12,"column":1},"end":{"line":12,"column":13}}},"2":{"name":"(anonymous_2)","line":19,"loc":{"start":{"line":19,"column":5},"end":{"line":19,"column":17}}},"3":{"name":"(anonymous_3)","line":23,"loc":{"start":{"line":23,"column":24},"end":{"line":23,"column":36}}}},"statementMap":{"1":{"start":{"line":12,"column":0},"end":{"line":53,"column":5}},"2":{"start":{"line":14,"column":4},"end":{"line":14,"column":14}},"3":{"start":{"line":19,"column":4},"end":{"line":52,"column":9}},"4":{"start":{"line":21,"column":8},"end":{"line":21,"column":19}},"5":{"start":{"line":23,"column":8},"end":{"line":35,"column":13}},"6":{"start":{"line":24,"column":12},"end":{"line":34,"column":13}},"7":{"start":{"line":25,"column":16},"end":{"line":28,"column":30}},"8":{"start":{"line":30,"column":16},"end":{"line":33,"column":27}},"9":{"start":{"line":37,"column":8},"end":{"line":39,"column":21}},"10":{"start":{"line":41,"column":8},"end":{"line":41,"column":54}},"11":{"start":{"line":43,"column":8},"end":{"line":43,"column":55}},"12":{"start":{"line":45,"column":8},"end":{"line":51,"column":9}},"13":{"start":{"line":46,"column":12},"end":{"line":46,"column":61}},"14":{"start":{"line":48,"column":12},"end":{"line":48,"column":35}},"15":{"start":{"line":49,"column":12},"end":{"line":49,"column":49}},"16":{"start":{"line":50,"column":12},"end":{"line":50,"column":43}}},"branchMap":{"1":{"line":25,"type":"binary-expr","locations":[{"start":{"line":25,"column":23},"end":{"line":25,"column":62}},{"start":{"line":26,"column":20},"end":{"line":26,"column":70}},{"start":{"line":27,"column":20},"end":{"line":27,"column":71}},{"start":{"line":28,"column":20},"end":{"line":28,"column":29}}]},"2":{"line":30,"type":"binary-expr","locations":[{"start":{"line":30,"column":23},"end":{"line":30,"column":37}},{"start":{"line":31,"column":20},"end":{"line":31,"column":61}},{"start":{"line":32,"column":20},"end":{"line":32,"column":70}},{"start":{"line":33,"column":20},"end":{"line":33,"column":26}}]},"3":{"line":37,"type":"cond-expr","locations":[{"start":{"line":38,"column":14},"end":{"line":38,"column":20}},{"start":{"line":39,"column":14},"end":{"line":39,"column":20}}]},"4":{"line":41,"type":"binary-expr","locations":[{"start":{"line":41,"column":16},"end":{"line":41,"column":44}},{"start":{"line":41,"column":48},"end":{"line":41,"column":53}}]},"5":{"line":45,"type":"if","locations":[{"start":{"line":45,"column":8},"end":{"line":45,"column":8}},{"start":{"line":45,"column":8},"end":{"line":45,"column":8}}]}},"code":["/* istanbul instrument in package npmtest_i18n_abide */","/*jslint","    bitwise: true,","    browser: true,","    maxerr: 8,","    maxlen: 96,","    node: true,","    nomen: true,","    regexp: true,","    stupid: true","*/","(function () {","    'use strict';","    var local;","","","","    // run shared js-env code - pre-init","    (function () {","        // init local","        local = {};","        // init modeJs","        local.modeJs = (function () {","            try {","                return typeof navigator.userAgent === 'string' &&","                    typeof document.querySelector('body') === 'object' &&","                    typeof XMLHttpRequest.prototype.open === 'function' &&","                    'browser';","            } catch (errorCaughtBrowser) {","                return module.exports &&","                    typeof process.versions.node === 'string' &&","                    typeof require('http').createServer === 'function' &&","                    'node';","            }","        }());","        // init global","        local.global = local.modeJs === 'browser'","            ? window","            : global;","        // init utility2_rollup","        local = local.global.utility2_rollup || local;","        // init lib","        local.local = local.npmtest_i18n_abide = local;","        // init exports","        if (local.modeJs === 'browser') {","            local.global.utility2_npmtest_i18n_abide = local;","        } else {","            module.exports = local;","            module.exports.__dirname = __dirname;","            module.exports.module = module;","        }","    }());","}());",""],"l":{"12":2,"14":2,"19":2,"21":2,"23":2,"24":2,"25":2,"30":1,"37":2,"41":2,"43":2,"45":2,"46":1,"48":1,"49":1,"50":1}},"/home/travis/build/npmtest/node-npmtest-i18n-abide/example.js":{"path":"/home/travis/build/npmtest/node-npmtest-i18n-abide/example.js","s":{"1":2,"2":2,"3":2,"4":2,"5":2,"6":2,"7":2,"8":1,"9":2,"10":2,"11":2,"12":2,"13":1,"14":2,"15":2,"16":2,"17":2,"18":2,"19":0,"20":2,"21":1,"22":1,"23":1,"24":1,"25":1,"26":0,"27":0,"28":1,"29":1,"30":2,"31":0,"32":0,"33":0,"34":1,"35":2,"36":2,"37":3,"38":3,"39":3,"40":3,"41":0,"42":3,"43":3,"44":3,"45":1,"46":3,"47":1,"48":1,"49":1,"50":1,"51":1,"52":1,"53":1,"54":1,"55":1,"56":1,"57":0,"58":1,"59":6,"60":6,"61":1,"62":2,"63":0,"64":2,"65":1,"66":1,"67":0,"68":0,"69":0,"70":0,"71":0,"72":0,"73":0,"74":0,"75":0,"76":0,"77":0,"78":0,"79":0,"80":0,"81":0,"82":0,"83":0},"b":{"1":[2,1,1,1],"2":[1,1,1,1],"3":[1,1],"4":[2,2],"5":[1,1],"6":[1,1],"7":[2,0],"8":[2,1,1,1,1,1],"9":[0,2,0],"10":[1,1],"11":[2,1,1],"12":[1,0],"13":[0,2],"14":[2,0,0,0,0,0,0],"15":[0,3],"16":[3,0],"17":[1,1],"18":[0,1],"19":[1,2,0,2],"20":[1,0],"21":[1,1],"22":[0,0],"23":[0,0],"24":[0,0],"25":[0,0],"26":[0,0],"27":[0,0],"28":[0,0]},"f":{"1":2,"2":2,"3":2,"4":2,"5":2,"6":2,"7":3,"8":3,"9":3,"10":1,"11":6,"12":0},"fnMap":{"1":{"name":"(anonymous_1)","line":26,"loc":{"start":{"line":26,"column":1},"end":{"line":26,"column":13}}},"2":{"name":"(anonymous_2)","line":33,"loc":{"start":{"line":33,"column":5},"end":{"line":33,"column":17}}},"3":{"name":"(anonymous_3)","line":37,"loc":{"start":{"line":37,"column":24},"end":{"line":37,"column":36}}},"4":{"name":"(anonymous_4)","line":69,"loc":{"start":{"line":69,"column":31},"end":{"line":69,"column":48}},"skip":true},"5":{"name":"(anonymous_5)","line":78,"loc":{"start":{"line":78,"column":26},"end":{"line":78,"column":45}},"skip":true},"6":{"name":"(anonymous_6)","line":123,"loc":{"start":{"line":123,"column":33},"end":{"line":123,"column":48}},"skip":true},"7":{"name":"(anonymous_7)","line":125,"loc":{"start":{"line":125,"column":27},"end":{"line":125,"column":39}},"skip":true},"8":{"name":"(anonymous_8)","line":133,"loc":{"start":{"line":133,"column":59},"end":{"line":133,"column":74}},"skip":true},"9":{"name":"(anonymous_9)","line":143,"loc":{"start":{"line":143,"column":45},"end":{"line":143,"column":62}},"skip":true},"10":{"name":"(anonymous_10)","line":144,"loc":{"start":{"line":144,"column":73},"end":{"line":144,"column":92}},"skip":true},"11":{"name":"(anonymous_11)","line":272,"loc":{"start":{"line":272,"column":51},"end":{"line":272,"column":77}},"skip":true},"12":{"name":"(anonymous_12)","line":315,"loc":{"start":{"line":315,"column":32},"end":{"line":315,"column":61}},"skip":true}},"statementMap":{"1":{"start":{"line":26,"column":0},"end":{"line":326,"column":5}},"2":{"start":{"line":28,"column":4},"end":{"line":28,"column":14}},"3":{"start":{"line":33,"column":4},"end":{"line":60,"column":9}},"4":{"start":{"line":35,"column":8},"end":{"line":35,"column":19}},"5":{"start":{"line":37,"column":8},"end":{"line":49,"column":13}},"6":{"start":{"line":38,"column":12},"end":{"line":48,"column":13}},"7":{"start":{"line":39,"column":16},"end":{"line":42,"column":30}},"8":{"start":{"line":44,"column":16},"end":{"line":47,"column":27}},"9":{"start":{"line":51,"column":8},"end":{"line":53,"column":21}},"10":{"start":{"line":55,"column":8},"end":{"line":57,"column":45}},"11":{"start":{"line":59,"column":8},"end":{"line":59,"column":35}},"12":{"start":{"line":61,"column":4},"end":{"line":325,"column":5}},"13":{"start":{"line":69,"column":8},"end":{"line":121,"column":10},"skip":true},"14":{"start":{"line":70,"column":12},"end":{"line":88,"column":13},"skip":true},"15":{"start":{"line":76,"column":16},"end":{"line":87,"column":19},"skip":true},"16":{"start":{"line":79,"column":20},"end":{"line":86,"column":21},"skip":true},"17":{"start":{"line":82,"column":24},"end":{"line":82,"column":43},"skip":true},"18":{"start":{"line":83,"column":24},"end":{"line":83,"column":30},"skip":true},"19":{"start":{"line":85,"column":24},"end":{"line":85,"column":49},"skip":true},"20":{"start":{"line":89,"column":12},"end":{"line":107,"column":13},"skip":true},"21":{"start":{"line":92,"column":16},"end":{"line":102,"column":17},"skip":true},"22":{"start":{"line":93,"column":20},"end":{"line":93,"column":86},"skip":true},"23":{"start":{"line":94,"column":20},"end":{"line":95,"column":45},"skip":true},"24":{"start":{"line":96,"column":20},"end":{"line":96,"column":42},"skip":true},"25":{"start":{"line":97,"column":20},"end":{"line":97,"column":48},"skip":true},"26":{"start":{"line":100,"column":20},"end":{"line":100,"column":85},"skip":true},"27":{"start":{"line":101,"column":20},"end":{"line":101,"column":96},"skip":true},"28":{"start":{"line":103,"column":16},"end":{"line":103,"column":22},"skip":true},"29":{"start":{"line":106,"column":16},"end":{"line":106,"column":22},"skip":true},"30":{"start":{"line":108,"column":12},"end":{"line":120,"column":13},"skip":true},"31":{"start":{"line":114,"column":16},"end":{"line":119,"column":17},"skip":true},"32":{"start":{"line":116,"column":20},"end":{"line":116,"column":78},"skip":true},"33":{"start":{"line":118,"column":20},"end":{"line":118,"column":47},"skip":true},"34":{"start":{"line":123,"column":8},"end":{"line":141,"column":11},"skip":true},"35":{"start":{"line":124,"column":12},"end":{"line":124,"column":54},"skip":true},"36":{"start":{"line":125,"column":12},"end":{"line":140,"column":14},"skip":true},"37":{"start":{"line":126,"column":16},"end":{"line":126,"column":28},"skip":true},"38":{"start":{"line":127,"column":16},"end":{"line":127,"column":69},"skip":true},"39":{"start":{"line":128,"column":16},"end":{"line":128,"column":75},"skip":true},"40":{"start":{"line":129,"column":16},"end":{"line":131,"column":17},"skip":true},"41":{"start":{"line":130,"column":20},"end":{"line":130,"column":27},"skip":true},"42":{"start":{"line":133,"column":16},"end":{"line":137,"column":36},"skip":true},"43":{"start":{"line":134,"column":20},"end":{"line":136,"column":55},"skip":true},"44":{"start":{"line":139,"column":16},"end":{"line":139,"column":57},"skip":true},"45":{"start":{"line":143,"column":8},"end":{"line":147,"column":11},"skip":true},"46":{"start":{"line":144,"column":12},"end":{"line":146,"column":15},"skip":true},"47":{"start":{"line":145,"column":16},"end":{"line":145,"column":70},"skip":true},"48":{"start":{"line":149,"column":8},"end":{"line":149,"column":31},"skip":true},"49":{"start":{"line":150,"column":8},"end":{"line":150,"column":14},"skip":true},"50":{"start":{"line":158,"column":8},"end":{"line":158,"column":31},"skip":true},"51":{"start":{"line":160,"column":8},"end":{"line":160,"column":33},"skip":true},"52":{"start":{"line":161,"column":8},"end":{"line":161,"column":37},"skip":true},"53":{"start":{"line":162,"column":8},"end":{"line":162,"column":35},"skip":true},"54":{"start":{"line":164,"column":8},"end":{"line":164,"column":50},"skip":true},"55":{"start":{"line":166,"column":8},"end":{"line":256,"column":2},"skip":true},"56":{"start":{"line":258,"column":8},"end":{"line":286,"column":9},"skip":true},"57":{"start":{"line":259,"column":12},"end":{"line":269,"column":14},"skip":true},"58":{"start":{"line":271,"column":12},"end":{"line":285,"column":19},"skip":true},"59":{"start":{"line":274,"column":20},"end":{"line":274,"column":35},"skip":true},"60":{"start":{"line":275,"column":20},"end":{"line":284,"column":21},"skip":true},"61":{"start":{"line":277,"column":24},"end":{"line":277,"column":64},"skip":true},"62":{"start":{"line":279,"column":24},"end":{"line":279,"column":40},"skip":true},"63":{"start":{"line":281,"column":24},"end":{"line":281,"column":40},"skip":true},"64":{"start":{"line":283,"column":24},"end":{"line":283,"column":39},"skip":true},"65":{"start":{"line":288,"column":8},"end":{"line":290,"column":9},"skip":true},"66":{"start":{"line":289,"column":12},"end":{"line":289,"column":18},"skip":true},"67":{"start":{"line":291,"column":8},"end":{"line":293,"column":54},"skip":true},"68":{"start":{"line":296,"column":8},"end":{"line":301,"column":37},"skip":true},"69":{"start":{"line":303,"column":8},"end":{"line":303,"column":82},"skip":true},"70":{"start":{"line":306,"column":8},"end":{"line":308,"column":9},"skip":true},"71":{"start":{"line":307,"column":12},"end":{"line":307,"column":82},"skip":true},"72":{"start":{"line":310,"column":8},"end":{"line":312,"column":9},"skip":true},"73":{"start":{"line":311,"column":12},"end":{"line":311,"column":18},"skip":true},"74":{"start":{"line":313,"column":8},"end":{"line":313,"column":54},"skip":true},"75":{"start":{"line":314,"column":8},"end":{"line":314,"column":69},"skip":true},"76":{"start":{"line":315,"column":8},"end":{"line":323,"column":36},"skip":true},"77":{"start":{"line":316,"column":12},"end":{"line":316,"column":61},"skip":true},"78":{"start":{"line":317,"column":12},"end":{"line":320,"column":13},"skip":true},"79":{"start":{"line":318,"column":16},"end":{"line":318,"column":75},"skip":true},"80":{"start":{"line":319,"column":16},"end":{"line":319,"column":23},"skip":true},"81":{"start":{"line":321,"column":12},"end":{"line":321,"column":38},"skip":true},"82":{"start":{"line":322,"column":12},"end":{"line":322,"column":27},"skip":true},"83":{"start":{"line":324,"column":8},"end":{"line":324,"column":14},"skip":true}},"branchMap":{"1":{"line":39,"type":"binary-expr","locations":[{"start":{"line":39,"column":23},"end":{"line":39,"column":62}},{"start":{"line":40,"column":20},"end":{"line":40,"column":70}},{"start":{"line":41,"column":20},"end":{"line":41,"column":71}},{"start":{"line":42,"column":20},"end":{"line":42,"column":29}}]},"2":{"line":44,"type":"binary-expr","locations":[{"start":{"line":44,"column":23},"end":{"line":44,"column":37}},{"start":{"line":45,"column":20},"end":{"line":45,"column":61}},{"start":{"line":46,"column":20},"end":{"line":46,"column":70}},{"start":{"line":47,"column":20},"end":{"line":47,"column":26}}]},"3":{"line":51,"type":"cond-expr","locations":[{"start":{"line":52,"column":14},"end":{"line":52,"column":20}},{"start":{"line":53,"column":14},"end":{"line":53,"column":20}}]},"4":{"line":55,"type":"binary-expr","locations":[{"start":{"line":55,"column":16},"end":{"line":55,"column":44}},{"start":{"line":55,"column":49},"end":{"line":57,"column":43}}]},"5":{"line":55,"type":"cond-expr","locations":[{"start":{"line":56,"column":14},"end":{"line":56,"column":54}},{"start":{"line":57,"column":14},"end":{"line":57,"column":43}}]},"6":{"line":61,"type":"switch","locations":[{"start":{"line":68,"column":4},"end":{"line":150,"column":14},"skip":true},{"start":{"line":156,"column":4},"end":{"line":324,"column":14},"skip":true}]},"7":{"line":70,"type":"if","locations":[{"start":{"line":70,"column":12},"end":{"line":70,"column":12},"skip":true},{"start":{"line":70,"column":12},"end":{"line":70,"column":12},"skip":true}]},"8":{"line":70,"type":"binary-expr","locations":[{"start":{"line":70,"column":16},"end":{"line":70,"column":22},"skip":true},{"start":{"line":70,"column":27},"end":{"line":70,"column":32},"skip":true},{"start":{"line":71,"column":20},"end":{"line":71,"column":39},"skip":true},{"start":{"line":72,"column":20},"end":{"line":72,"column":49},"skip":true},{"start":{"line":73,"column":20},"end":{"line":73,"column":58},"skip":true},{"start":{"line":74,"column":20},"end":{"line":74,"column":69},"skip":true}]},"9":{"line":79,"type":"switch","locations":[{"start":{"line":80,"column":20},"end":{"line":80,"column":33},"skip":true},{"start":{"line":81,"column":20},"end":{"line":83,"column":30},"skip":true},{"start":{"line":84,"column":20},"end":{"line":85,"column":49},"skip":true}]},"10":{"line":89,"type":"switch","locations":[{"start":{"line":90,"column":12},"end":{"line":103,"column":22},"skip":true},{"start":{"line":105,"column":12},"end":{"line":106,"column":22},"skip":true}]},"11":{"line":89,"type":"binary-expr","locations":[{"start":{"line":89,"column":20},"end":{"line":89,"column":25},"skip":true},{"start":{"line":89,"column":29},"end":{"line":89,"column":48},"skip":true},{"start":{"line":89,"column":52},"end":{"line":89,"column":74},"skip":true}]},"12":{"line":92,"type":"if","locations":[{"start":{"line":92,"column":16},"end":{"line":92,"column":16},"skip":true},{"start":{"line":92,"column":16},"end":{"line":92,"column":16},"skip":true}]},"13":{"line":108,"type":"if","locations":[{"start":{"line":108,"column":12},"end":{"line":108,"column":12},"skip":true},{"start":{"line":108,"column":12},"end":{"line":108,"column":12},"skip":true}]},"14":{"line":108,"type":"binary-expr","locations":[{"start":{"line":108,"column":16},"end":{"line":108,"column":61},"skip":true},{"start":{"line":108,"column":66},"end":{"line":108,"column":72},"skip":true},{"start":{"line":108,"column":77},"end":{"line":108,"column":82},"skip":true},{"start":{"line":109,"column":20},"end":{"line":109,"column":39},"skip":true},{"start":{"line":110,"column":20},"end":{"line":110,"column":49},"skip":true},{"start":{"line":111,"column":20},"end":{"line":111,"column":58},"skip":true},{"start":{"line":112,"column":20},"end":{"line":112,"column":68},"skip":true}]},"15":{"line":129,"type":"if","locations":[{"start":{"line":129,"column":16},"end":{"line":129,"column":16},"skip":true},{"start":{"line":129,"column":16},"end":{"line":129,"column":16},"skip":true}]},"16":{"line":134,"type":"cond-expr","locations":[{"start":{"line":135,"column":26},"end":{"line":135,"column":29},"skip":true},{"start":{"line":136,"column":26},"end":{"line":136,"column":54},"skip":true}]},"17":{"line":164,"type":"binary-expr","locations":[{"start":{"line":164,"column":27},"end":{"line":164,"column":43},"skip":true},{"start":{"line":164,"column":47},"end":{"line":164,"column":49},"skip":true}]},"18":{"line":258,"type":"if","locations":[{"start":{"line":258,"column":8},"end":{"line":258,"column":8},"skip":true},{"start":{"line":258,"column":8},"end":{"line":258,"column":8},"skip":true}]},"19":{"line":275,"type":"switch","locations":[{"start":{"line":276,"column":20},"end":{"line":277,"column":64},"skip":true},{"start":{"line":278,"column":20},"end":{"line":279,"column":40},"skip":true},{"start":{"line":280,"column":20},"end":{"line":281,"column":40},"skip":true},{"start":{"line":282,"column":20},"end":{"line":283,"column":39},"skip":true}]},"20":{"line":288,"type":"if","locations":[{"start":{"line":288,"column":8},"end":{"line":288,"column":8},"skip":true},{"start":{"line":288,"column":8},"end":{"line":288,"column":8},"skip":true}]},"21":{"line":288,"type":"binary-expr","locations":[{"start":{"line":288,"column":12},"end":{"line":288,"column":40},"skip":true},{"start":{"line":288,"column":44},"end":{"line":288,"column":67},"skip":true}]},"22":{"line":292,"type":"binary-expr","locations":[{"start":{"line":292,"column":12},"end":{"line":292,"column":50},"skip":true},{"start":{"line":293,"column":12},"end":{"line":293,"column":53},"skip":true}]},"23":{"line":297,"type":"binary-expr","locations":[{"start":{"line":297,"column":12},"end":{"line":297,"column":68},"skip":true},{"start":{"line":298,"column":12},"end":{"line":301,"column":36},"skip":true}]},"24":{"line":303,"type":"binary-expr","locations":[{"start":{"line":303,"column":43},"end":{"line":303,"column":75},"skip":true},{"start":{"line":303,"column":79},"end":{"line":303,"column":81},"skip":true}]},"25":{"line":306,"type":"if","locations":[{"start":{"line":306,"column":8},"end":{"line":306,"column":8},"skip":true},{"start":{"line":306,"column":8},"end":{"line":306,"column":8},"skip":true}]},"26":{"line":310,"type":"if","locations":[{"start":{"line":310,"column":8},"end":{"line":310,"column":8},"skip":true},{"start":{"line":310,"column":8},"end":{"line":310,"column":8},"skip":true}]},"27":{"line":313,"type":"binary-expr","locations":[{"start":{"line":313,"column":27},"end":{"line":313,"column":43},"skip":true},{"start":{"line":313,"column":47},"end":{"line":313,"column":53},"skip":true}]},"28":{"line":317,"type":"if","locations":[{"start":{"line":317,"column":12},"end":{"line":317,"column":12},"skip":true},{"start":{"line":317,"column":12},"end":{"line":317,"column":12},"skip":true}]}},"code":["/*","example.js","","quickstart example","","instruction","    1. save this script as example.js","    2. run the shell command:","        $ npm install npmtest-i18n-abide && PORT=8081 node example.js","    3. play with the browser-demo on http://127.0.0.1:8081","*/","","","","/* istanbul instrument in package npmtest_i18n_abide */","/*jslint","    bitwise: true,","    browser: true,","    maxerr: 8,","    maxlen: 96,","    node: true,","    nomen: true,","    regexp: true,","    stupid: true","*/","(function () {","    'use strict';","    var local;","","","","    // run shared js-env code - pre-init","    (function () {","        // init local","        local = {};","        // init modeJs","        local.modeJs = (function () {","            try {","                return typeof navigator.userAgent === 'string' &&","                    typeof document.querySelector('body') === 'object' &&","                    typeof XMLHttpRequest.prototype.open === 'function' &&","                    'browser';","            } catch (errorCaughtBrowser) {","                return module.exports &&","                    typeof process.versions.node === 'string' &&","                    typeof require('http').createServer === 'function' &&","                    'node';","            }","        }());","        // init global","        local.global = local.modeJs === 'browser'","            ? window","            : global;","        // init utility2_rollup","        local = local.global.utility2_rollup || (local.modeJs === 'browser'","            ? local.global.utility2_npmtest_i18n_abide","            : global.utility2_moduleExports);","        // export local","        local.global.local = local;","    }());","    switch (local.modeJs) {","","","","    // post-init","    // run browser js-env code - post-init","    /* istanbul ignore next */","    case 'browser':","        local.testRunBrowser = function (event) {","            if (!event || (event &&","                    event.currentTarget &&","                    event.currentTarget.className &&","                    event.currentTarget.className.includes &&","                    event.currentTarget.className.includes('onreset'))) {","                // reset output","                Array.from(","                    document.querySelectorAll('body > .resettable')","                ).forEach(function (element) {","                    switch (element.tagName) {","                    case 'INPUT':","                    case 'TEXTAREA':","                        element.value = '';","                        break;","                    default:","                        element.textContent = '';","                    }","                });","            }","            switch (event && event.currentTarget && event.currentTarget.id) {","            case 'testRunButton1':","                // show tests","                if (document.querySelector('#testReportDiv1').style.display === 'none') {","                    document.querySelector('#testReportDiv1').style.display = 'block';","                    document.querySelector('#testRunButton1').textContent =","                        'hide internal test';","                    local.modeTest = true;","                    local.testRunDefault(local);","                // hide tests","                } else {","                    document.querySelector('#testReportDiv1').style.display = 'none';","                    document.querySelector('#testRunButton1').textContent = 'run internal test';","                }","                break;","            // custom-case","            default:","                break;","            }","            if (document.querySelector('#inputTextareaEval1') && (!event || (event &&","                    event.currentTarget &&","                    event.currentTarget.className &&","                    event.currentTarget.className.includes &&","                    event.currentTarget.className.includes('oneval')))) {","                // try to eval input-code","                try {","                    /*jslint evil: true*/","                    eval(document.querySelector('#inputTextareaEval1').value);","                } catch (errorCaught) {","                    console.error(errorCaught);","                }","            }","        };","        // log stderr and stdout to #outputTextareaStdout1","        ['error', 'log'].forEach(function (key) {","            console[key + '_original'] = console[key];","            console[key] = function () {","                var element;","                console[key + '_original'].apply(console, arguments);","                element = document.querySelector('#outputTextareaStdout1');","                if (!element) {","                    return;","                }","                // append text to #outputTextareaStdout1","                element.value += Array.from(arguments).map(function (arg) {","                    return typeof arg === 'string'","                        ? arg","                        : JSON.stringify(arg, null, 4);","                }).join(' ') + '\\n';","                // scroll textarea to bottom","                element.scrollTop = element.scrollHeight;","            };","        });","        // init event-handling","        ['change', 'click', 'keyup'].forEach(function (event) {","            Array.from(document.querySelectorAll('.on' + event)).forEach(function (element) {","                element.addEventListener(event, local.testRunBrowser);","            });","        });","        // run tests","        local.testRunBrowser();","        break;","","","","    // run node js-env code - post-init","    /* istanbul ignore next */","    case 'node':","        // export local","        module.exports = local;","        // require modules","        local.fs = require('fs');","        local.http = require('http');","        local.url = require('url');","        // init assets","        local.assetsDict = local.assetsDict || {};","        /* jslint-ignore-begin */","        local.assetsDict['/assets.index.template.html'] = '\\","<!doctype html>\\n\\","<html lang=\"en\">\\n\\","<head>\\n\\","<meta charset=\"UTF-8\">\\n\\","<meta name=\"viewport\" content=\"width=device-width, initial-scale=1\">\\n\\","<title>{{env.npm_package_name}} (v{{env.npm_package_version}})</title>\\n\\","<style>\\n\\","/*csslint\\n\\","    box-sizing: false,\\n\\","    universal-selector: false\\n\\","*/\\n\\","* {\\n\\","    box-sizing: border-box;\\n\\","}\\n\\","body {\\n\\","    background: #dde;\\n\\","    font-family: Arial, Helvetica, sans-serif;\\n\\","    margin: 2rem;\\n\\","}\\n\\","body > * {\\n\\","    margin-bottom: 1rem;\\n\\","}\\n\\",".utility2FooterDiv {\\n\\","    margin-top: 20px;\\n\\","    text-align: center;\\n\\","}\\n\\","</style>\\n\\","<style>\\n\\","/*csslint\\n\\","*/\\n\\","textarea {\\n\\","    font-family: monospace;\\n\\","    height: 10rem;\\n\\","    width: 100%;\\n\\","}\\n\\","textarea[readonly] {\\n\\","    background: #ddd;\\n\\","}\\n\\","</style>\\n\\","</head>\\n\\","<body>\\n\\","<!-- utility2-comment\\n\\","<div id=\"ajaxProgressDiv1\" style=\"background: #d00; height: 2px; left: 0; margin: 0; padding: 0; position: fixed; top: 0; transition: background 0.5s, width 1.5s; width: 25%;\"></div>\\n\\","utility2-comment -->\\n\\","<h1>\\n\\","<!-- utility2-comment\\n\\","    <a\\n\\","        {{#if env.npm_package_homepage}}\\n\\","        href=\"{{env.npm_package_homepage}}\"\\n\\","        {{/if env.npm_package_homepage}}\\n\\","        target=\"_blank\"\\n\\","    >\\n\\","utility2-comment -->\\n\\","        {{env.npm_package_name}} (v{{env.npm_package_version}})\\n\\","<!-- utility2-comment\\n\\","    </a>\\n\\","utility2-comment -->\\n\\","</h1>\\n\\","<h3>{{env.npm_package_description}}</h3>\\n\\","<!-- utility2-comment\\n\\","<h4><a download href=\"assets.app.js\">download standalone app</a></h4>\\n\\","<button class=\"onclick onreset\" id=\"testRunButton1\">run internal test</button><br>\\n\\","<div id=\"testReportDiv1\" style=\"display: none;\"></div>\\n\\","utility2-comment -->\\n\\","\\n\\","\\n\\","\\n\\","<label>stderr and stdout</label>\\n\\","<textarea class=\"resettable\" id=\"outputTextareaStdout1\" readonly></textarea>\\n\\","<!-- utility2-comment\\n\\","{{#if isRollup}}\\n\\","<script src=\"assets.app.js\"></script>\\n\\","{{#unless isRollup}}\\n\\","utility2-comment -->\\n\\","<script src=\"assets.utility2.rollup.js\"></script>\\n\\","<script src=\"jsonp.utility2._stateInit?callback=window.utility2._stateInit\"></script>\\n\\","<script src=\"assets.npmtest_i18n_abide.rollup.js\"></script>\\n\\","<script src=\"assets.example.js\"></script>\\n\\","<script src=\"assets.test.js\"></script>\\n\\","<!-- utility2-comment\\n\\","{{/if isRollup}}\\n\\","utility2-comment -->\\n\\","<div class=\"utility2FooterDiv\">\\n\\","    [ this app was created with\\n\\","    <a href=\"https://github.com/kaizhu256/node-utility2\" target=\"_blank\">utility2</a>\\n\\","    ]\\n\\","</div>\\n\\","</body>\\n\\","</html>\\n\\","';","        /* jslint-ignore-end */","        if (local.templateRender) {","            local.assetsDict['/'] = local.templateRender(","                local.assetsDict['/assets.index.template.html'],","                {","                    env: local.objectSetDefault(local.env, {","                        npm_package_description: 'the greatest app in the world!',","                        npm_package_name: 'my-app',","                        npm_package_nameAlias: 'my_app',","                        npm_package_version: '0.0.1'","                    })","                }","            );","        } else {","            local.assetsDict['/'] = local.assetsDict['/assets.index.template.html']","                .replace((/\\{\\{env\\.(\\w+?)\\}\\}/g), function (match0, match1) {","                    // jslint-hack","                    String(match0);","                    switch (match1) {","                    case 'npm_package_description':","                        return 'the greatest app in the world!';","                    case 'npm_package_name':","                        return 'my-app';","                    case 'npm_package_nameAlias':","                        return 'my_app';","                    case 'npm_package_version':","                        return '0.0.1';","                    }","                });","        }","        // run the cli","        if (local.global.utility2_rollup || module !== require.main) {","            break;","        }","        local.assetsDict['/assets.example.js'] =","            local.assetsDict['/assets.example.js'] ||","            local.fs.readFileSync(__filename, 'utf8');","        // bug-workaround - long $npm_package_buildCustomOrg","        /* jslint-ignore-begin */","        local.assetsDict['/assets.npmtest_i18n_abide.rollup.js'] =","            local.assetsDict['/assets.npmtest_i18n_abide.rollup.js'] ||","            local.fs.readFileSync(","                local.npmtest_i18n_abide.__dirname + '/lib.npmtest_i18n_abide.js',","                'utf8'","            ).replace((/^#!/), '//');","        /* jslint-ignore-end */","        local.assetsDict['/favicon.ico'] = local.assetsDict['/favicon.ico'] || '';","        // if $npm_config_timeout_exit exists,","        // then exit this process after $npm_config_timeout_exit ms","        if (Number(process.env.npm_config_timeout_exit)) {","            setTimeout(process.exit, Number(process.env.npm_config_timeout_exit));","        }","        // start server","        if (local.global.utility2_serverHttp1) {","            break;","        }","        process.env.PORT = process.env.PORT || '8081';","        console.error('server starting on port ' + process.env.PORT);","        local.http.createServer(function (request, response) {","            request.urlParsed = local.url.parse(request.url);","            if (local.assetsDict[request.urlParsed.pathname] !== undefined) {","                response.end(local.assetsDict[request.urlParsed.pathname]);","                return;","            }","            response.statusCode = 404;","            response.end();","        }).listen(process.env.PORT);","        break;","    }","}());",""],"l":{"26":2,"28":2,"33":2,"35":2,"37":2,"38":2,"39":2,"44":1,"51":2,"55":2,"59":2,"61":2,"69":1,"70":2,"76":2,"79":2,"82":2,"83":2,"85":1,"89":2,"92":1,"93":1,"94":1,"96":1,"97":1,"100":1,"101":1,"103":1,"106":1,"108":2,"114":1,"116":1,"118":1,"123":1,"124":2,"125":2,"126":3,"127":3,"128":3,"129":3,"130":1,"133":3,"134":3,"139":3,"143":1,"144":3,"145":1,"149":1,"150":1,"158":1,"160":1,"161":1,"162":1,"164":1,"166":1,"258":1,"259":1,"271":1,"274":6,"275":6,"277":1,"279":2,"281":1,"283":2,"288":1,"289":1,"291":1,"296":1,"303":1,"306":1,"307":1,"310":1,"311":1,"313":1,"314":1,"315":1,"316":1,"317":1,"318":1,"319":1,"321":1,"322":1,"324":1}},"/home/travis/build/npmtest/node-npmtest-i18n-abide/node_modules/i18n-abide/lib/i18n.js":{"path":"/home/travis/build/npmtest/node-npmtest-i18n-abide/node_modules/i18n-abide/lib/i18n.js","s":{"1":1,"2":1,"3":1,"4":1,"5":1,"6":1,"7":1,"8":1,"9":1,"10":0,"11":0,"12":0,"13":0,"14":0,"15":0,"16":0,"17":0,"18":0,"19":0,"20":0,"21":0,"22":0,"23":0,"24":0,"25":0,"26":0,"27":0,"28":1,"29":0,"30":0,"31":0,"32":1,"33":0,"34":0,"35":0,"36":0,"37":0,"38":0,"39":0,"40":0,"41":0,"42":0,"43":0,"44":0,"45":0,"46":0,"47":0,"48":0,"49":0,"50":0,"51":1,"52":0,"53":0,"54":0,"55":0,"56":0,"57":0,"58":0,"59":0,"60":0,"61":0,"62":0,"63":0,"64":0,"65":0,"66":0,"67":0,"68":0,"69":0,"70":0,"71":0,"72":0,"73":0,"74":0,"75":0,"76":0,"77":0,"78":0,"79":0,"80":0,"81":0,"82":0,"83":0,"84":0,"85":0,"86":0,"87":0,"88":0,"89":0,"90":0,"91":0,"92":0,"93":0,"94":0,"95":0,"96":0,"97":0,"98":0,"99":0,"100":0,"101":0,"102":0,"103":0,"104":0,"105":0,"106":0,"107":0,"108":0,"109":0,"110":0,"111":0,"112":0,"113":0,"114":0,"115":0,"116":0,"117":0,"118":0,"119":0,"120":0,"121":1,"122":0,"123":0,"124":0,"125":0,"126":0,"127":1,"128":0,"129":0,"130":0,"131":0,"132":0,"133":0,"134":0,"135":0,"136":0,"137":0,"138":0,"139":0,"140":0,"141":1,"142":0,"143":0,"144":0,"145":0,"146":0,"147":0,"148":0,"149":0,"150":0,"151":1,"152":0,"153":0,"154":0,"155":0,"156":0,"157":0,"158":0,"159":0,"160":0,"161":0,"162":0,"163":0,"164":0,"165":0,"166":1,"167":0,"168":0,"169":0,"170":0,"171":0,"172":0,"173":0,"174":0,"175":0,"176":0,"177":0,"178":0,"179":0,"180":0,"181":1,"182":0,"183":1,"184":0,"185":1,"186":0,"187":0,"188":0,"189":0,"190":0,"191":0,"192":0,"193":0,"194":0,"195":1,"196":0},"b":{"1":[0,0],"2":[0,0],"3":[0,0],"4":[0,0],"5":[0,0],"6":[0,0],"7":[0,0],"8":[0,0],"9":[0,0],"10":[0,0],"11":[0,0],"12":[0,0],"13":[0,0],"14":[0,0],"15":[0,0],"16":[0,0],"17":[0,0],"18":[0,0],"19":[0,0],"20":[0,0],"21":[0,0,0],"22":[0,0],"23":[0,0],"24":[0,0],"25":[0,0],"26":[0,0],"27":[0,0],"28":[0,0],"29":[0,0],"30":[0,0],"31":[0,0],"32":[0,0],"33":[0,0],"34":[0,0],"35":[0,0],"36":[0,0],"37":[0,0],"38":[0,0],"39":[0,0],"40":[0,0],"41":[0,0],"42":[0,0],"43":[0,0],"44":[0,0],"45":[0,0],"46":[0,0],"47":[0,0],"48":[0,0],"49":[0,0],"50":[0,0],"51":[0,0],"52":[0,0],"53":[0,0],"54":[0,0],"55":[0,0],"56":[0,0],"57":[0,0],"58":[0,0],"59":[0,0],"60":[0,0],"61":[0,0],"62":[0,0],"63":[0,0],"64":[0,0],"65":[0,0],"66":[0,0],"67":[0,0]},"f":{"1":0,"2":0,"3":0,"4":0,"5":0,"6":0,"7":0,"8":0,"9":0,"10":0,"11":0,"12":0,"13":0,"14":0,"15":0,"16":0,"17":0,"18":0,"19":0,"20":0,"21":0,"22":0,"23":0,"24":0},"fnMap":{"1":{"name":"(anonymous_1)","line":50,"loc":{"start":{"line":50,"column":16},"end":{"line":50,"column":34}}},"2":{"name":"messages_file_path","line":68,"loc":{"start":{"line":68,"column":2},"end":{"line":68,"column":38}}},"3":{"name":"parse_messages_file","line":77,"loc":{"start":{"line":77,"column":2},"end":{"line":77,"column":39}}},"4":{"name":"(anonymous_4)","line":93,"loc":{"start":{"line":93,"column":38},"end":{"line":93,"column":53}}},"5":{"name":"checkUrlLocale","line":117,"loc":{"start":{"line":117,"column":2},"end":{"line":117,"column":31}}},"6":{"name":"(anonymous_6)","line":146,"loc":{"start":{"line":146,"column":9},"end":{"line":146,"column":35}}},"7":{"name":"(anonymous_7)","line":164,"loc":{"start":{"line":164,"column":20},"end":{"line":164,"column":44}}},"8":{"name":"(anonymous_8)","line":168,"loc":{"start":{"line":168,"column":36},"end":{"line":168,"column":50}}},"9":{"name":"(anonymous_9)","line":203,"loc":{"start":{"line":203,"column":23},"end":{"line":203,"column":48}}},"10":{"name":"(anonymous_10)","line":222,"loc":{"start":{"line":222,"column":41},"end":{"line":222,"column":53}}},"11":{"name":"(anonymous_11)","line":234,"loc":{"start":{"line":234,"column":11},"end":{"line":234,"column":25}}},"12":{"name":"qualityCmp","line":269,"loc":{"start":{"line":269,"column":0},"end":{"line":269,"column":26}}},"13":{"name":"(anonymous_13)","line":286,"loc":{"start":{"line":286,"column":52},"end":{"line":286,"column":69}}},"14":{"name":"(anonymous_14)","line":292,"loc":{"start":{"line":292,"column":28},"end":{"line":292,"column":47}}},"15":{"name":"(anonymous_15)","line":312,"loc":{"start":{"line":312,"column":38},"end":{"line":312,"column":96}}},"16":{"name":"(anonymous_16)","line":313,"loc":{"start":{"line":313,"column":38},"end":{"line":313,"column":50}}},"17":{"name":"(anonymous_17)","line":332,"loc":{"start":{"line":332,"column":34},"end":{"line":332,"column":53}}},"18":{"name":"(anonymous_18)","line":357,"loc":{"start":{"line":357,"column":38},"end":{"line":357,"column":55}}},"19":{"name":"(anonymous_19)","line":384,"loc":{"start":{"line":384,"column":48},"end":{"line":384,"column":68}}},"20":{"name":"(anonymous_20)","line":393,"loc":{"start":{"line":393,"column":44},"end":{"line":393,"column":62}}},"21":{"name":"(anonymous_21)","line":407,"loc":{"start":{"line":407,"column":26},"end":{"line":407,"column":52}}},"22":{"name":"(anonymous_22)","line":410,"loc":{"start":{"line":410,"column":30},"end":{"line":410,"column":40}}},"23":{"name":"(anonymous_23)","line":412,"loc":{"start":{"line":412,"column":47},"end":{"line":412,"column":61}}},"24":{"name":"(anonymous_24)","line":423,"loc":{"start":{"line":423,"column":21},"end":{"line":423,"column":32}}}},"statementMap":{"1":{"start":{"line":18,"column":0},"end":{"line":22,"column":29}},"2":{"start":{"line":24,"column":0},"end":{"line":24,"column":31}},"3":{"start":{"line":25,"column":0},"end":{"line":25,"column":58}},"4":{"start":{"line":28,"column":0},"end":{"line":28,"column":22}},"5":{"start":{"line":29,"column":0},"end":{"line":29,"column":22}},"6":{"start":{"line":31,"column":0},"end":{"line":31,"column":22}},"7":{"start":{"line":32,"column":0},"end":{"line":32,"column":11}},"8":{"start":{"line":35,"column":0},"end":{"line":35,"column":89}},"9":{"start":{"line":50,"column":0},"end":{"line":267,"column":2}},"10":{"start":{"line":51,"column":2},"end":{"line":51,"column":26}},"11":{"start":{"line":53,"column":2},"end":{"line":53,"column":73}},"12":{"start":{"line":53,"column":39},"end":{"line":53,"column":73}},"13":{"start":{"line":54,"column":2},"end":{"line":54,"column":79}},"14":{"start":{"line":54,"column":39},"end":{"line":54,"column":79}},"15":{"start":{"line":55,"column":2},"end":{"line":55,"column":70}},"16":{"start":{"line":55,"column":39},"end":{"line":55,"column":70}},"17":{"start":{"line":56,"column":2},"end":{"line":56,"column":68}},"18":{"start":{"line":56,"column":39},"end":{"line":56,"column":68}},"19":{"start":{"line":57,"column":2},"end":{"line":57,"column":76}},"20":{"start":{"line":57,"column":39},"end":{"line":57,"column":76}},"21":{"start":{"line":58,"column":2},"end":{"line":58,"column":79}},"22":{"start":{"line":58,"column":39},"end":{"line":58,"column":79}},"23":{"start":{"line":59,"column":2},"end":{"line":59,"column":64}},"24":{"start":{"line":59,"column":39},"end":{"line":59,"column":64}},"25":{"start":{"line":62,"column":2},"end":{"line":62,"column":62}},"26":{"start":{"line":64,"column":2},"end":{"line":64,"column":57}},"27":{"start":{"line":66,"column":2},"end":{"line":66,"column":26}},"28":{"start":{"line":68,"column":2},"end":{"line":75,"column":3}},"29":{"start":{"line":70,"column":4},"end":{"line":70,"column":78}},"30":{"start":{"line":71,"column":4},"end":{"line":71,"column":45}},"31":{"start":{"line":72,"column":4},"end":{"line":74,"column":53}},"32":{"start":{"line":77,"column":2},"end":{"line":91,"column":3}},"33":{"start":{"line":78,"column":4},"end":{"line":78,"column":46}},"34":{"start":{"line":80,"column":4},"end":{"line":90,"column":5}},"35":{"start":{"line":81,"column":6},"end":{"line":81,"column":43}},"36":{"start":{"line":83,"column":9},"end":{"line":90,"column":5}},"37":{"start":{"line":84,"column":6},"end":{"line":84,"column":31}},"38":{"start":{"line":88,"column":6},"end":{"line":88,"column":61}},"39":{"start":{"line":89,"column":6},"end":{"line":89,"column":46}},"40":{"start":{"line":93,"column":2},"end":{"line":115,"column":5}},"41":{"start":{"line":94,"column":4},"end":{"line":94,"column":29}},"42":{"start":{"line":98,"column":4},"end":{"line":114,"column":5}},"43":{"start":{"line":99,"column":6},"end":{"line":99,"column":47}},"44":{"start":{"line":103,"column":6},"end":{"line":103,"column":79}},"45":{"start":{"line":103,"column":72},"end":{"line":103,"column":79}},"46":{"start":{"line":105,"column":6},"end":{"line":107,"column":63}},"47":{"start":{"line":108,"column":6},"end":{"line":113,"column":7}},"48":{"start":{"line":109,"column":8},"end":{"line":109,"column":25}},"49":{"start":{"line":111,"column":8},"end":{"line":111,"column":26}},"50":{"start":{"line":112,"column":8},"end":{"line":112,"column":18}},"51":{"start":{"line":117,"column":2},"end":{"line":144,"column":3}},"52":{"start":{"line":118,"column":4},"end":{"line":120,"column":5}},"53":{"start":{"line":119,"column":6},"end":{"line":119,"column":13}},"54":{"start":{"line":126,"column":4},"end":{"line":126,"column":53}},"55":{"start":{"line":127,"column":4},"end":{"line":129,"column":5}},"56":{"start":{"line":128,"column":6},"end":{"line":128,"column":13}},"57":{"start":{"line":135,"column":4},"end":{"line":137,"column":39}},"58":{"start":{"line":138,"column":4},"end":{"line":140,"column":5}},"59":{"start":{"line":139,"column":6},"end":{"line":139,"column":13}},"60":{"start":{"line":142,"column":4},"end":{"line":142,"column":47}},"61":{"start":{"line":143,"column":4},"end":{"line":143,"column":42}},"62":{"start":{"line":146,"column":2},"end":{"line":266,"column":4}},"63":{"start":{"line":147,"column":4},"end":{"line":147,"column":24}},"64":{"start":{"line":149,"column":4},"end":{"line":156,"column":11}},"65":{"start":{"line":158,"column":4},"end":{"line":161,"column":5}},"66":{"start":{"line":160,"column":6},"end":{"line":160,"column":28}},"67":{"start":{"line":163,"column":4},"end":{"line":173,"column":5}},"68":{"start":{"line":164,"column":6},"end":{"line":172,"column":8}},"69":{"start":{"line":165,"column":8},"end":{"line":171,"column":9}},"70":{"start":{"line":166,"column":10},"end":{"line":166,"column":36}},"71":{"start":{"line":168,"column":10},"end":{"line":170,"column":13}},"72":{"start":{"line":169,"column":12},"end":{"line":169,"column":39}},"73":{"start":{"line":175,"column":4},"end":{"line":175,"column":23}},"74":{"start":{"line":178,"column":4},"end":{"line":178,"column":65}},"75":{"start":{"line":179,"column":4},"end":{"line":179,"column":31}},"76":{"start":{"line":180,"column":4},"end":{"line":180,"column":20}},"77":{"start":{"line":182,"column":4},"end":{"line":182,"column":30}},"78":{"start":{"line":184,"column":4},"end":{"line":184,"column":27}},"79":{"start":{"line":185,"column":4},"end":{"line":185,"column":24}},"80":{"start":{"line":187,"column":4},"end":{"line":187,"column":32}},"81":{"start":{"line":188,"column":4},"end":{"line":199,"column":5}},"82":{"start":{"line":189,"column":6},"end":{"line":197,"column":7}},"83":{"start":{"line":190,"column":8},"end":{"line":190,"column":46}},"84":{"start":{"line":192,"column":8},"end":{"line":195,"column":36}},"85":{"start":{"line":196,"column":8},"end":{"line":196,"column":64}},"86":{"start":{"line":200,"column":4},"end":{"line":200,"column":34}},"87":{"start":{"line":201,"column":4},"end":{"line":201,"column":31}},"88":{"start":{"line":203,"column":4},"end":{"line":227,"column":6}},"89":{"start":{"line":204,"column":6},"end":{"line":204,"column":54}},"90":{"start":{"line":205,"column":6},"end":{"line":226,"column":7}},"91":{"start":{"line":206,"column":8},"end":{"line":206,"column":32}},"92":{"start":{"line":208,"column":8},"end":{"line":208,"column":27}},"93":{"start":{"line":210,"column":8},"end":{"line":210,"column":42}},"94":{"start":{"line":211,"column":8},"end":{"line":211,"column":36}},"95":{"start":{"line":213,"column":8},"end":{"line":213,"column":38}},"96":{"start":{"line":214,"column":8},"end":{"line":214,"column":34}},"97":{"start":{"line":216,"column":8},"end":{"line":216,"column":89}},"98":{"start":{"line":217,"column":8},"end":{"line":217,"column":42}},"99":{"start":{"line":219,"column":8},"end":{"line":225,"column":9}},"100":{"start":{"line":220,"column":10},"end":{"line":220,"column":33}},"101":{"start":{"line":222,"column":10},"end":{"line":224,"column":13}},"102":{"start":{"line":223,"column":12},"end":{"line":223,"column":42}},"103":{"start":{"line":228,"column":4},"end":{"line":228,"column":37}},"104":{"start":{"line":230,"column":4},"end":{"line":257,"column":5}},"105":{"start":{"line":231,"column":6},"end":{"line":231,"column":24}},"106":{"start":{"line":232,"column":6},"end":{"line":232,"column":35}},"107":{"start":{"line":234,"column":6},"end":{"line":256,"column":8}},"108":{"start":{"line":236,"column":8},"end":{"line":238,"column":9}},"109":{"start":{"line":237,"column":10},"end":{"line":237,"column":21}},"110":{"start":{"line":241,"column":8},"end":{"line":254,"column":9}},"111":{"start":{"line":242,"column":10},"end":{"line":247,"column":11}},"112":{"start":{"line":243,"column":12},"end":{"line":243,"column":45}},"113":{"start":{"line":246,"column":12},"end":{"line":246,"column":68}},"114":{"start":{"line":251,"column":10},"end":{"line":253,"column":11}},"115":{"start":{"line":252,"column":12},"end":{"line":252,"column":48}},"116":{"start":{"line":255,"column":8},"end":{"line":255,"column":19}},"117":{"start":{"line":258,"column":4},"end":{"line":258,"column":40}},"118":{"start":{"line":259,"column":4},"end":{"line":259,"column":21}},"119":{"start":{"line":263,"column":4},"end":{"line":263,"column":83}},"120":{"start":{"line":265,"column":4},"end":{"line":265,"column":11}},"121":{"start":{"line":269,"column":0},"end":{"line":277,"column":1}},"122":{"start":{"line":270,"column":2},"end":{"line":276,"column":3}},"123":{"start":{"line":271,"column":4},"end":{"line":271,"column":13}},"124":{"start":{"line":272,"column":9},"end":{"line":276,"column":3}},"125":{"start":{"line":273,"column":4},"end":{"line":273,"column":13}},"126":{"start":{"line":275,"column":4},"end":{"line":275,"column":14}},"127":{"start":{"line":286,"column":0},"end":{"line":305,"column":2}},"128":{"start":{"line":288,"column":2},"end":{"line":290,"column":3}},"129":{"start":{"line":289,"column":4},"end":{"line":289,"column":14}},"130":{"start":{"line":291,"column":2},"end":{"line":291,"column":36}},"131":{"start":{"line":292,"column":2},"end":{"line":302,"column":5}},"132":{"start":{"line":293,"column":4},"end":{"line":293,"column":36}},"133":{"start":{"line":294,"column":4},"end":{"line":294,"column":14}},"134":{"start":{"line":295,"column":4},"end":{"line":300,"column":5}},"135":{"start":{"line":296,"column":6},"end":{"line":296,"column":52}},"136":{"start":{"line":297,"column":6},"end":{"line":299,"column":7}},"137":{"start":{"line":298,"column":8},"end":{"line":298,"column":17}},"138":{"start":{"line":301,"column":4},"end":{"line":301,"column":49}},"139":{"start":{"line":303,"column":2},"end":{"line":303,"column":25}},"140":{"start":{"line":304,"column":2},"end":{"line":304,"column":15}},"141":{"start":{"line":312,"column":0},"end":{"line":324,"column":2}},"142":{"start":{"line":313,"column":2},"end":{"line":313,"column":79}},"143":{"start":{"line":313,"column":52},"end":{"line":313,"column":75}},"144":{"start":{"line":314,"column":2},"end":{"line":322,"column":3}},"145":{"start":{"line":315,"column":4},"end":{"line":315,"column":26}},"146":{"start":{"line":316,"column":4},"end":{"line":321,"column":5}},"147":{"start":{"line":317,"column":6},"end":{"line":317,"column":21}},"148":{"start":{"line":319,"column":11},"end":{"line":321,"column":5}},"149":{"start":{"line":320,"column":6},"end":{"line":320,"column":35}},"150":{"start":{"line":323,"column":2},"end":{"line":323,"column":25}},"151":{"start":{"line":332,"column":0},"end":{"line":352,"column":2}},"152":{"start":{"line":333,"column":2},"end":{"line":335,"column":3}},"153":{"start":{"line":334,"column":4},"end":{"line":334,"column":14}},"154":{"start":{"line":336,"column":2},"end":{"line":336,"column":34}},"155":{"start":{"line":337,"column":2},"end":{"line":337,"column":10}},"156":{"start":{"line":338,"column":2},"end":{"line":351,"column":3}},"157":{"start":{"line":339,"column":4},"end":{"line":339,"column":34}},"158":{"start":{"line":340,"column":9},"end":{"line":351,"column":3}},"159":{"start":{"line":341,"column":4},"end":{"line":341,"column":19}},"160":{"start":{"line":342,"column":4},"end":{"line":342,"column":99}},"161":{"start":{"line":343,"column":4},"end":{"line":343,"column":61}},"162":{"start":{"line":344,"column":9},"end":{"line":351,"column":3}},"163":{"start":{"line":346,"column":4},"end":{"line":346,"column":80}},"164":{"start":{"line":348,"column":4},"end":{"line":349,"column":78}},"165":{"start":{"line":350,"column":4},"end":{"line":350,"column":20}},"166":{"start":{"line":357,"column":0},"end":{"line":377,"column":2}},"167":{"start":{"line":358,"column":2},"end":{"line":360,"column":3}},"168":{"start":{"line":359,"column":4},"end":{"line":359,"column":14}},"169":{"start":{"line":361,"column":2},"end":{"line":361,"column":32}},"170":{"start":{"line":362,"column":2},"end":{"line":362,"column":10}},"171":{"start":{"line":363,"column":2},"end":{"line":376,"column":3}},"172":{"start":{"line":364,"column":4},"end":{"line":364,"column":34}},"173":{"start":{"line":365,"column":9},"end":{"line":376,"column":3}},"174":{"start":{"line":366,"column":4},"end":{"line":366,"column":19}},"175":{"start":{"line":367,"column":4},"end":{"line":367,"column":99}},"176":{"start":{"line":368,"column":4},"end":{"line":368,"column":61}},"177":{"start":{"line":369,"column":9},"end":{"line":376,"column":3}},"178":{"start":{"line":371,"column":4},"end":{"line":371,"column":80}},"179":{"start":{"line":373,"column":4},"end":{"line":374,"column":77}},"180":{"start":{"line":375,"column":4},"end":{"line":375,"column":18}},"181":{"start":{"line":384,"column":0},"end":{"line":386,"column":2}},"182":{"start":{"line":385,"column":2},"end":{"line":385,"column":44}},"183":{"start":{"line":393,"column":0},"end":{"line":395,"column":2}},"184":{"start":{"line":394,"column":2},"end":{"line":394,"column":42}},"185":{"start":{"line":407,"column":0},"end":{"line":418,"column":2}},"186":{"start":{"line":408,"column":2},"end":{"line":408,"column":22}},"187":{"start":{"line":408,"column":12},"end":{"line":408,"column":22}},"188":{"start":{"line":409,"column":2},"end":{"line":417,"column":3}},"189":{"start":{"line":410,"column":4},"end":{"line":410,"column":71}},"190":{"start":{"line":410,"column":41},"end":{"line":410,"column":68}},"191":{"start":{"line":411,"column":9},"end":{"line":417,"column":3}},"192":{"start":{"line":412,"column":4},"end":{"line":414,"column":7}},"193":{"start":{"line":413,"column":6},"end":{"line":413,"column":35}},"194":{"start":{"line":416,"column":4},"end":{"line":416,"column":15}},"195":{"start":{"line":423,"column":0},"end":{"line":425,"column":2}},"196":{"start":{"line":424,"column":2},"end":{"line":424,"column":35}}},"branchMap":{"1":{"line":51,"type":"binary-expr","locations":[{"start":{"line":51,"column":12},"end":{"line":51,"column":19}},{"start":{"line":51,"column":23},"end":{"line":51,"column":25}}]},"2":{"line":53,"type":"if","locations":[{"start":{"line":53,"column":2},"end":{"line":53,"column":2}},{"start":{"line":53,"column":2},"end":{"line":53,"column":2}}]},"3":{"line":54,"type":"if","locations":[{"start":{"line":54,"column":2},"end":{"line":54,"column":2}},{"start":{"line":54,"column":2},"end":{"line":54,"column":2}}]},"4":{"line":55,"type":"if","locations":[{"start":{"line":55,"column":2},"end":{"line":55,"column":2}},{"start":{"line":55,"column":2},"end":{"line":55,"column":2}}]},"5":{"line":56,"type":"if","locations":[{"start":{"line":56,"column":2},"end":{"line":56,"column":2}},{"start":{"line":56,"column":2},"end":{"line":56,"column":2}}]},"6":{"line":57,"type":"if","locations":[{"start":{"line":57,"column":2},"end":{"line":57,"column":2}},{"start":{"line":57,"column":2},"end":{"line":57,"column":2}}]},"7":{"line":58,"type":"if","locations":[{"start":{"line":58,"column":2},"end":{"line":58,"column":2}},{"start":{"line":58,"column":2},"end":{"line":58,"column":2}}]},"8":{"line":59,"type":"if","locations":[{"start":{"line":59,"column":2},"end":{"line":59,"column":2}},{"start":{"line":59,"column":2},"end":{"line":59,"column":2}}]},"9":{"line":62,"type":"binary-expr","locations":[{"start":{"line":62,"column":29},"end":{"line":62,"column":53}},{"start":{"line":62,"column":57},"end":{"line":62,"column":61}}]},"10":{"line":70,"type":"cond-expr","locations":[{"start":{"line":70,"column":61},"end":{"line":70,"column":68}},{"start":{"line":70,"column":71},"end":{"line":70,"column":77}}]},"11":{"line":80,"type":"if","locations":[{"start":{"line":80,"column":4},"end":{"line":80,"column":4}},{"start":{"line":80,"column":4},"end":{"line":80,"column":4}}]},"12":{"line":83,"type":"if","locations":[{"start":{"line":83,"column":9},"end":{"line":83,"column":9}},{"start":{"line":83,"column":9},"end":{"line":83,"column":9}}]},"13":{"line":103,"type":"if","locations":[{"start":{"line":103,"column":6},"end":{"line":103,"column":6}},{"start":{"line":103,"column":6},"end":{"line":103,"column":6}}]},"14":{"line":103,"type":"binary-expr","locations":[{"start":{"line":103,"column":10},"end":{"line":103,"column":39}},{"start":{"line":103,"column":43},"end":{"line":103,"column":70}}]},"15":{"line":108,"type":"if","locations":[{"start":{"line":108,"column":6},"end":{"line":108,"column":6}},{"start":{"line":108,"column":6},"end":{"line":108,"column":6}}]},"16":{"line":118,"type":"if","locations":[{"start":{"line":118,"column":4},"end":{"line":118,"column":4}},{"start":{"line":118,"column":4},"end":{"line":118,"column":4}}]},"17":{"line":127,"type":"if","locations":[{"start":{"line":127,"column":4},"end":{"line":127,"column":4}},{"start":{"line":127,"column":4},"end":{"line":127,"column":4}}]},"18":{"line":127,"type":"binary-expr","locations":[{"start":{"line":127,"column":10},"end":{"line":127,"column":17}},{"start":{"line":127,"column":21},"end":{"line":127,"column":31}}]},"19":{"line":138,"type":"if","locations":[{"start":{"line":138,"column":4},"end":{"line":138,"column":4}},{"start":{"line":138,"column":4},"end":{"line":138,"column":4}}]},"20":{"line":158,"type":"if","locations":[{"start":{"line":158,"column":4},"end":{"line":158,"column":4}},{"start":{"line":158,"column":4},"end":{"line":158,"column":4}}]},"21":{"line":158,"type":"binary-expr","locations":[{"start":{"line":158,"column":8},"end":{"line":158,"column":12}},{"start":{"line":158,"column":16},"end":{"line":158,"column":32}},{"start":{"line":158,"column":36},"end":{"line":158,"column":69}}]},"22":{"line":163,"type":"if","locations":[{"start":{"line":163,"column":4},"end":{"line":163,"column":4}},{"start":{"line":163,"column":4},"end":{"line":163,"column":4}}]},"23":{"line":165,"type":"if","locations":[{"start":{"line":165,"column":8},"end":{"line":165,"column":8}},{"start":{"line":165,"column":8},"end":{"line":165,"column":8}}]},"24":{"line":178,"type":"cond-expr","locations":[{"start":{"line":178,"column":51},"end":{"line":178,"column":56}},{"start":{"line":178,"column":59},"end":{"line":178,"column":64}}]},"25":{"line":188,"type":"if","locations":[{"start":{"line":188,"column":4},"end":{"line":188,"column":4}},{"start":{"line":188,"column":4},"end":{"line":188,"column":4}}]},"26":{"line":188,"type":"binary-expr","locations":[{"start":{"line":188,"column":8},"end":{"line":188,"column":24}},{"start":{"line":188,"column":28},"end":{"line":188,"column":41}}]},"27":{"line":189,"type":"if","locations":[{"start":{"line":189,"column":6},"end":{"line":189,"column":6}},{"start":{"line":189,"column":6},"end":{"line":189,"column":6}}]},"28":{"line":205,"type":"if","locations":[{"start":{"line":205,"column":6},"end":{"line":205,"column":6}},{"start":{"line":205,"column":6},"end":{"line":205,"column":6}}]},"29":{"line":205,"type":"binary-expr","locations":[{"start":{"line":205,"column":10},"end":{"line":205,"column":38}},{"start":{"line":205,"column":42},"end":{"line":205,"column":79}}]},"30":{"line":216,"type":"cond-expr","locations":[{"start":{"line":216,"column":75},"end":{"line":216,"column":80}},{"start":{"line":216,"column":83},"end":{"line":216,"column":88}}]},"31":{"line":219,"type":"if","locations":[{"start":{"line":219,"column":8},"end":{"line":219,"column":8}},{"start":{"line":219,"column":8},"end":{"line":219,"column":8}}]},"32":{"line":230,"type":"if","locations":[{"start":{"line":230,"column":4},"end":{"line":230,"column":4}},{"start":{"line":230,"column":4},"end":{"line":230,"column":4}}]},"33":{"line":236,"type":"if","locations":[{"start":{"line":236,"column":8},"end":{"line":236,"column":8}},{"start":{"line":236,"column":8},"end":{"line":236,"column":8}}]},"34":{"line":241,"type":"if","locations":[{"start":{"line":241,"column":8},"end":{"line":241,"column":8}},{"start":{"line":241,"column":8},"end":{"line":241,"column":8}}]},"35":{"line":241,"type":"binary-expr","locations":[{"start":{"line":241,"column":12},"end":{"line":241,"column":48}},{"start":{"line":241,"column":52},"end":{"line":241,"column":97}}]},"36":{"line":242,"type":"if","locations":[{"start":{"line":242,"column":10},"end":{"line":242,"column":10}},{"start":{"line":242,"column":10},"end":{"line":242,"column":10}}]},"37":{"line":242,"type":"binary-expr","locations":[{"start":{"line":242,"column":14},"end":{"line":242,"column":39}},{"start":{"line":242,"column":43},"end":{"line":242,"column":75}}]},"38":{"line":246,"type":"binary-expr","locations":[{"start":{"line":246,"column":20},"end":{"line":246,"column":59}},{"start":{"line":246,"column":63},"end":{"line":246,"column":66}}]},"39":{"line":251,"type":"if","locations":[{"start":{"line":251,"column":10},"end":{"line":251,"column":10}},{"start":{"line":251,"column":10},"end":{"line":251,"column":10}}]},"40":{"line":251,"type":"binary-expr","locations":[{"start":{"line":251,"column":14},"end":{"line":251,"column":39}},{"start":{"line":251,"column":43},"end":{"line":251,"column":78}}]},"41":{"line":263,"type":"cond-expr","locations":[{"start":{"line":263,"column":40},"end":{"line":263,"column":59}},{"start":{"line":263,"column":62},"end":{"line":263,"column":82}}]},"42":{"line":270,"type":"if","locations":[{"start":{"line":270,"column":2},"end":{"line":270,"column":2}},{"start":{"line":270,"column":2},"end":{"line":270,"column":2}}]},"43":{"line":272,"type":"if","locations":[{"start":{"line":272,"column":9},"end":{"line":272,"column":9}},{"start":{"line":272,"column":9},"end":{"line":272,"column":9}}]},"44":{"line":288,"type":"if","locations":[{"start":{"line":288,"column":2},"end":{"line":288,"column":2}},{"start":{"line":288,"column":2},"end":{"line":288,"column":2}}]},"45":{"line":288,"type":"binary-expr","locations":[{"start":{"line":288,"column":6},"end":{"line":288,"column":14}},{"start":{"line":288,"column":18},"end":{"line":288,"column":32}}]},"46":{"line":295,"type":"if","locations":[{"start":{"line":295,"column":4},"end":{"line":295,"column":4}},{"start":{"line":295,"column":4},"end":{"line":295,"column":4}}]},"47":{"line":295,"type":"binary-expr","locations":[{"start":{"line":295,"column":8},"end":{"line":295,"column":24}},{"start":{"line":295,"column":28},"end":{"line":295,"column":56}}]},"48":{"line":297,"type":"if","locations":[{"start":{"line":297,"column":6},"end":{"line":297,"column":6}},{"start":{"line":297,"column":6},"end":{"line":297,"column":6}}]},"49":{"line":316,"type":"if","locations":[{"start":{"line":316,"column":4},"end":{"line":316,"column":4}},{"start":{"line":316,"column":4},"end":{"line":316,"column":4}}]},"50":{"line":319,"type":"if","locations":[{"start":{"line":319,"column":11},"end":{"line":319,"column":11}},{"start":{"line":319,"column":11},"end":{"line":319,"column":11}}]},"51":{"line":333,"type":"if","locations":[{"start":{"line":333,"column":2},"end":{"line":333,"column":2}},{"start":{"line":333,"column":2},"end":{"line":333,"column":2}}]},"52":{"line":333,"type":"binary-expr","locations":[{"start":{"line":333,"column":6},"end":{"line":333,"column":16}},{"start":{"line":333,"column":20},"end":{"line":333,"column":36}}]},"53":{"line":338,"type":"if","locations":[{"start":{"line":338,"column":2},"end":{"line":338,"column":2}},{"start":{"line":338,"column":2},"end":{"line":338,"column":2}}]},"54":{"line":340,"type":"if","locations":[{"start":{"line":340,"column":9},"end":{"line":340,"column":9}},{"start":{"line":340,"column":9},"end":{"line":340,"column":9}}]},"55":{"line":342,"type":"cond-expr","locations":[{"start":{"line":342,"column":29},"end":{"line":342,"column":78}},{"start":{"line":342,"column":81},"end":{"line":342,"column":98}}]},"56":{"line":344,"type":"if","locations":[{"start":{"line":344,"column":9},"end":{"line":344,"column":9}},{"start":{"line":344,"column":9},"end":{"line":344,"column":9}}]},"57":{"line":358,"type":"if","locations":[{"start":{"line":358,"column":2},"end":{"line":358,"column":2}},{"start":{"line":358,"column":2},"end":{"line":358,"column":2}}]},"58":{"line":358,"type":"binary-expr","locations":[{"start":{"line":358,"column":6},"end":{"line":358,"column":13}},{"start":{"line":358,"column":17},"end":{"line":358,"column":30}}]},"59":{"line":363,"type":"if","locations":[{"start":{"line":363,"column":2},"end":{"line":363,"column":2}},{"start":{"line":363,"column":2},"end":{"line":363,"column":2}}]},"60":{"line":365,"type":"if","locations":[{"start":{"line":365,"column":9},"end":{"line":365,"column":9}},{"start":{"line":365,"column":9},"end":{"line":365,"column":9}}]},"61":{"line":367,"type":"cond-expr","locations":[{"start":{"line":367,"column":29},"end":{"line":367,"column":78}},{"start":{"line":367,"column":81},"end":{"line":367,"column":98}}]},"62":{"line":369,"type":"if","locations":[{"start":{"line":369,"column":9},"end":{"line":369,"column":9}},{"start":{"line":369,"column":9},"end":{"line":369,"column":9}}]},"63":{"line":408,"type
[...]
mn":4}}]},"2":{"line":37,"type":"if","locations":[{"start":{"line":37,"column":4},"end":{"line":37,"column":4}},{"start":{"line":37,"column":4},"end":{"line":37,"column":4}}]},"3":{"line":63,"type":"if","locations":[{"start":{"line":63,"column":4},"end":{"line":63,"column":4}},{"start":{"line":63,"column":4},"end":{"line":63,"column":4}}]},"4":{"line":64,"type":"if","locations":[{"start":{"line":64,"column":6},"end":{"line":64,"column":6}},{"start":{"line":64,"column":6},"end":{"line":64,"column":6}}]},"5":{"line":65,"type":"cond-expr","locations":[{"start":{"line":67,"column":28},"end":{"line":67,"column":74}},{"start":{"line":68,"column":28},"end":{"line":68,"column":43}}]},"6":{"line":65,"type":"binary-expr","locations":[{"start":{"line":65,"column":27},"end":{"line":65,"column":67}},{"start":{"line":66,"column":26},"end":{"line":66,"column":50}}]},"7":{"line":69,"type":"cond-expr","locations":[{"start":{"line":71,"column":30},"end":{"line":71,"column":52}},{"start":{"line":72,"column":30},"end":{"line":72,"column":34}}]},"8":{"line":69,"type":"binary-expr","locations":[{"start":{"line":69,"column":28},"end":{"line":69,"column":73}},{"start":{"line":70,"column":28},"end":{"line":70,"column":57}}]},"9":{"line":78,"type":"if","locations":[{"start":{"line":78,"column":10},"end":{"line":78,"column":10}},{"start":{"line":78,"column":10},"end":{"line":78,"column":10}}]},"10":{"line":85,"type":"if","locations":[{"start":{"line":85,"column":8},"end":{"line":85,"column":8}},{"start":{"line":85,"column":8},"end":{"line":85,"column":8}}]},"11":{"line":92,"type":"if","locations":[{"start":{"line":92,"column":11},"end":{"line":92,"column":11}},{"start":{"line":92,"column":11},"end":{"line":92,"column":11}}]},"12":{"line":96,"type":"if","locations":[{"start":{"line":96,"column":11},"end":{"line":96,"column":11}},{"start":{"line":96,"column":11},"end":{"line":96,"column":11}}]},"13":{"line":101,"type":"if","locations":[{"start":{"line":101,"column":11},"end":{"line":101,"column":11}},{"start":{"line":101,"column":11},"end":{"line":101,"column":11}}]},"14":{"line":106,"type":"if","locations":[{"start":{"line":106,"column":11},"end":{"line":106,"column":11}},{"start":{"line":106,"column":11},"end":{"line":106,"column":11}}]},"15":{"line":111,"type":"if","locations":[{"start":{"line":111,"column":11},"end":{"line":111,"column":11}},{"start":{"line":111,"column":11},"end":{"line":111,"column":11}}]},"16":{"line":116,"type":"if","locations":[{"start":{"line":116,"column":11},"end":{"line":116,"column":11}},{"start":{"line":116,"column":11},"end":{"line":116,"column":11}}]},"17":{"line":121,"type":"if","locations":[{"start":{"line":121,"column":11},"end":{"line":121,"column":11}},{"start":{"line":121,"column":11},"end":{"line":121,"column":11}}]},"18":{"line":126,"type":"if","locations":[{"start":{"line":126,"column":11},"end":{"line":126,"column":11}},{"start":{"line":126,"column":11},"end":{"line":126,"column":11}}]},"19":{"line":137,"type":"if","locations":[{"start":{"line":137,"column":2},"end":{"line":137,"column":2}},{"start":{"line":137,"column":2},"end":{"line":137,"column":2}}]},"20":{"line":138,"type":"cond-expr","locations":[{"start":{"line":140,"column":24},"end":{"line":140,"column":70}},{"start":{"line":141,"column":24},"end":{"line":141,"column":39}}]},"21":{"line":138,"type":"binary-expr","locations":[{"start":{"line":138,"column":23},"end":{"line":138,"column":63}},{"start":{"line":139,"column":22},"end":{"line":139,"column":46}}]},"22":{"line":142,"type":"cond-expr","locations":[{"start":{"line":144,"column":25},"end":{"line":144,"column":47}},{"start":{"line":145,"column":25},"end":{"line":145,"column":29}}]},"23":{"line":142,"type":"binary-expr","locations":[{"start":{"line":142,"column":24},"end":{"line":142,"column":69}},{"start":{"line":143,"column":23},"end":{"line":143,"column":52}}]},"24":{"line":151,"type":"if","locations":[{"start":{"line":151,"column":6},"end":{"line":151,"column":6}},{"start":{"line":151,"column":6},"end":{"line":151,"column":6}}]},"25":{"line":158,"type":"if","locations":[{"start":{"line":158,"column":4},"end":{"line":158,"column":4}},{"start":{"line":158,"column":4},"end":{"line":158,"column":4}}]},"26":{"line":166,"type":"if","locations":[{"start":{"line":166,"column":2},"end":{"line":166,"column":2}},{"start":{"line":166,"column":2},"end":{"line":166,"column":2}}]},"27":{"line":166,"type":"binary-expr","locations":[{"start":{"line":166,"column":6},"end":{"line":166,"column":12}},{"start":{"line":166,"column":16},"end":{"line":166,"column":25}}]},"28":{"line":170,"type":"if","locations":[{"start":{"line":170,"column":6},"end":{"line":170,"column":6}},{"start":{"line":170,"column":6},"end":{"line":170,"column":6}}]},"29":{"line":173,"type":"if","locations":[{"start":{"line":173,"column":6},"end":{"line":173,"column":6}},{"start":{"line":173,"column":6},"end":{"line":173,"column":6}}]},"30":{"line":177,"type":"if","locations":[{"start":{"line":177,"column":8},"end":{"line":177,"column":8}},{"start":{"line":177,"column":8},"end":{"line":177,"column":8}}]},"31":{"line":177,"type":"binary-expr","locations":[{"start":{"line":177,"column":12},"end":{"line":177,"column":20}},{"start":{"line":177,"column":24},"end":{"line":177,"column":39}}]},"32":{"line":179,"type":"if","locations":[{"start":{"line":179,"column":15},"end":{"line":179,"column":15}},{"start":{"line":179,"column":15},"end":{"line":179,"column":15}}]},"33":{"line":202,"type":"if","locations":[{"start":{"line":202,"column":2},"end":{"line":202,"column":2}},{"start":{"line":202,"column":2},"end":{"line":202,"column":2}}]},"34":{"line":210,"type":"if","locations":[{"start":{"line":210,"column":2},"end":{"line":210,"column":2}},{"start":{"line":210,"column":2},"end":{"line":210,"column":2}}]},"35":{"line":218,"type":"if","locations":[{"start":{"line":218,"column":0},"end":{"line":218,"column":0}},{"start":{"line":218,"column":0},"end":{"line":218,"column":0}}]},"36":{"line":218,"type":"binary-expr","locations":[{"start":{"line":218,"column":4},"end":{"line":218,"column":27}},{"start":{"line":218,"column":31},"end":{"line":218,"column":46}}]},"37":{"line":221,"type":"cond-expr","locations":[{"start":{"line":221,"column":32},"end":{"line":221,"column":33}},{"start":{"line":221,"column":34},"end":{"line":221,"column":35}}]}},"code":["//#!/usr/bin/env node","/*"," * PO parser from http://jsgettext.berlios.de/lib/Gettext.js"," * adapted for Node.js and modified to be more like po2json.pl"," * - Zach Carter <zcarter@cse.usf.edu>"," * */","","/*"," * Pure Javascript implementation of Uniforum message translation."," * Copyright (C) 2008 Joshua I. Miller <unrtst@cpan.org>, all rights reserved"," * "," * This program is free software; you can redistribute it and/or modify it"," * under the terms of the GNU Library General Public License as published"," * by the Free Software Foundation; either version 2, or (at your option)"," * any later version."," * "," * This program is distributed in the hope that it will be useful,"," * but WITHOUT ANY WARRANTY; without even the implied warranty of"," * MERCHANTABILITY or FITNESS FOR A PARTICULAR PURPOSE.  See the GNU"," * Library General Public License for more details."," * "," * You should have received a copy of the GNU Library General Public"," * License along with this program; if not, write to the Free Software"," * Foundation, Inc., 59 Temple Place - Suite 330, Boston, MA 02111-1307,"," * USA."," * */","","var fs = require('fs');","var path = require('path');","","var argv = process.argv;","var pretty = ~argv.indexOf('-p');","","function parse (file) {","  fs.readFile(fs.realpathSync(file), 'utf8', function (err, data) {","    if (err) throw err;","    if (pretty) {","      var result = {};","      result[path.basename(file, '.po')] = parse_po(data);","      // perl JSON encoder uses three spaces (╯°□°）╯︵ ┻━┻","      console.log(JSON.stringify(result, null, '   '));","    } else {","      console.log(JSON.stringify(parse_po(data)));","    }","  });","}","","var context_glue = \"\\004\";","","var parse_po = function(data) {","  var rv = {};","  var buffer = {};","  var lastbuffer = \"\";","  var errors = [];","  var lines = data.split(\"\\n\");","  for (var i=0; i<lines.length; i++) {","    // chomp","    lines[i] = lines[i].replace(/(\\n|\\r)+$/, '');","","    var match;","","    // Empty line / End of an entry.","    if (/^$/.test(lines[i])) {","      if (typeof(buffer['msgid']) != 'undefined') {","        var msg_ctxt_id = (typeof(buffer['msgctxt']) != 'undefined' &&","                          buffer['msgctxt'].length) ?","                            buffer['msgctxt']+context_glue+buffer['msgid'] :","                            buffer['msgid'];","        var msgid_plural = (typeof(buffer['msgid_plural']) != 'undefined' &&","                            buffer['msgid_plural'].length) ?","                              buffer['msgid_plural'] :","                              null;","","        // find msgstr_* translations and push them on","        var trans = [];","        for (var str in buffer) {","          var match;","          if (match = str.match(/^msgstr_(\\d+)/))","            trans[parseInt(match[1])] = buffer[str];","        }","        trans.unshift(msgid_plural);","","        // only add it if we've got a translation","        // NOTE: this doesn't conform to msgfmt specs","        if (trans.length > 1) rv[msg_ctxt_id] = trans;","","        buffer = {};","        lastbuffer = \"\";","      }","","    // comments","    } else if (/^(#|#$)/.test(lines[i])) {","      continue;","","    // msgctxt","    } else if (match = lines[i].match(/^(?:#~ )?msgctxt\\s+(.*)/)) {","      lastbuffer = 'msgctxt';","      buffer[lastbuffer] = parse_po_dequote(match[1]);","","    // msgid","    } else if (match = lines[i].match(/^(?:#~ )?msgid\\s+(.*)/)) {","      lastbuffer = 'msgid';","      buffer[lastbuffer] = parse_po_dequote(match[1]);","","    // msgid_plural","    } else if (match = lines[i].match(/^(?:#~ )?msgid_plural\\s+(.*)/)) {","      lastbuffer = 'msgid_plural';","      buffer[lastbuffer] = parse_po_dequote(match[1]);","","    // msgstr","    } else if (match = lines[i].match(/^(?:#~ )?msgstr\\s+(.*)/)) {","      lastbuffer = 'msgstr_0';","      buffer[lastbuffer] = parse_po_dequote(match[1]);","","    // msgstr[0] (treak like msgstr)","    } else if (match = lines[i].match(/^(?:#~ )?msgstr\\[0\\]\\s+(.*)/)) {","      lastbuffer = 'msgstr_0';","      buffer[lastbuffer] = parse_po_dequote(match[1]);","","    // msgstr[n]","    } else if (match = lines[i].match(/^(?:#~ )?msgstr\\[(\\d+)\\]\\s+(.*)/)) {","      lastbuffer = 'msgstr_'+match[1];","      buffer[lastbuffer] = parse_po_dequote(match[2]);","","    // continued string","    } else if (/^(?:#~ )?\"/.test(lines[i])) {","      buffer[lastbuffer] += parse_po_dequote(lines[i]);","","    // something strange","    } else {","      errors.push(\"Strange line [\"+i+\"] : \"+lines[i]);","    }","  }","","","  // handle the final entry","  if (typeof(buffer['msgid']) != 'undefined') {","    var msg_ctxt_id = (typeof(buffer['msgctxt']) != 'undefined' &&","                      buffer['msgctxt'].length) ?","                        buffer['msgctxt']+context_glue+buffer['msgid'] :","                        buffer['msgid'];","    var msgid_plural = (typeof(buffer['msgid_plural']) != 'undefined' &&","                       buffer['msgid_plural'].length) ?","                         buffer['msgid_plural'] :","                         null;","","    // find msgstr_* translations and push them on","    var trans = [];","    for (var str in buffer) {","      var match;","      if (match = str.match(/^msgstr_(\\d+)/))","        trans[parseInt(match[1])] = buffer[str];","    }","    trans.unshift(msgid_plural);","","    // only add it if we've got a translation","    // NOTE: this doesn't conform to msgfmt specs","    if (trans.length > 1) rv[msg_ctxt_id] = trans;","","    buffer = {};","    lastbuffer = \"\";","  }","","","  // parse out the header","  if (rv[\"\"] && rv[\"\"][1]) {","    var cur = {};","    var hlines = rv[\"\"][1].split(/\\\\n/);","    for (var i=0; i<hlines.length; i++) {","      if (! hlines[i].length) continue;","","      var pos = hlines[i].indexOf(':', 0);","      if (pos != -1) {","        var key = hlines[i].substring(0, pos);","        var val = hlines[i].substring(pos +1);","","        if (cur[key] && cur[key].length) {","          errors.push(\"SKIPPING DUPLICATE HEADER LINE: \"+hlines[i]);","        } else if (/#-#-#-#-#/.test(key)) {","          errors.push(\"SKIPPING ERROR MARKER IN HEADER: \"+hlines[i]);","        } else {","          // remove begining spaces if any (the perl script keeps them)","          //val = val.replace(/^\\s+/, '');","          cur[key] = val;","        }","","      } else {","        errors.push(\"PROBLEM LINE IN HEADER: \"+hlines[i]);","        cur[hlines[i]] = '';","      }","    }","","    // replace header string with assoc array","    rv[\"\"] = cur;","  } else {","    rv[\"\"] = {};","  }","","  // TODO: XXX: if there are errors parsing, what do we want to do?","  // GNU Gettext silently ignores errors. So will we.","  // alert( \"Errors parsing po file:\\n\" + errors.join(\"\\n\") );","  if (errors.length) console.warn(errors.join(\"\\n\"));","","  return rv;","};","","","var parse_po_dequote = function(str) {","  var match;","  if (match = str.match(/^\"(.*)\"/)) {","    str = match[1];","  }","  str = str.replace(/\\\\\"/g, '\"')","           .replace(/\\\\n/g, '\\n');","  return str;","};","","if (argv.indexOf('-h') >= 0 || argv.length < 3) {","  console.log(path.basename(argv[1])+\" {-p} {file.po} > {outputfile.json}\\n    -p  : do pretty-printing of json data\\n\");","} else {","  parse(argv[argv[2] === '-p' ? 3:2]);","}",""],"l":{"28":1,"29":1,"31":1,"32":1,"34":1,"35":0,"36":0,"37":0,"38":0,"39":0,"41":0,"43":0,"48":1,"50":1,"51":0,"52":0,"53":0,"54":0,"55":0,"56":0,"58":0,"60":0,"63":0,"64":0,"65":0,"69":0,"75":0,"76":0,"77":0,"78":0,"79":0,"81":0,"85":0,"87":0,"88":0,"92":0,"93":0,"96":0,"97":0,"98":0,"101":0,"102":0,"103":0,"106":0,"107":0,"108":0,"111":0,"112":0,"113":0,"116":0,"117":0,"118":0,"121":0,"122":0,"123":0,"126":0,"127":0,"131":0,"137":0,"138":0,"142":0,"148":0,"149":0,"150":0,"151":0,"152":0,"154":0,"158":0,"160":0,"161":0,"166":0,"167":0,"168":0,"169":0,"170":0,"172":0,"173":0,"174":0,"175":0,"177":0,"178":0,"179":0,"180":0,"184":0,"188":0,"189":0,"194":0,"196":0,"202":0,"204":0,"208":1,"209":0,"210":0,"211":0,"213":0,"215":0,"218":1,"219":1,"221":0}},"/home/travis/build/npmtest/node-npmtest-i18n-abide/node_modules/i18n-abide/static/gettext.js":{"path":"/home/travis/build/npmtest/node-npmtest-i18n-abide/node_modules/i18n-abide/static/gettext.js","s":{"1":2,"2":1,"3":0,"4":0,"5":0,"6":0,"7":0,"8":0,"9":0,"10":0,"11":0,"12":0,"13":0,"14":0,"15":0,"16":0,"17":0,"18":2,"19":0,"20":0,"21":0},"b":{"1":[0,0],"2":[0,0],"3":[0,0],"4":[0,0,0],"5":[0,0],"6":[0,0],"7":[0,0]},"f":{"1":2,"2":0,"3":0,"4":0,"5":0,"6":0},"fnMap":{"1":{"name":"(anonymous_1)","line":6,"loc":{"start":{"line":6,"column":1},"end":{"line":6,"column":12}}},"2":{"name":"Gettext","line":9,"loc":{"start":{"line":9,"column":2},"end":{"line":9,"column":27}}},"3":{"name":"(anonymous_3)","line":11,"loc":{"start":{"line":11,"column":17},"end":{"line":11,"column":34}}},"4":{"name":"(anonymous_4)","line":22,"loc":{"start":{"line":22,"column":16},"end":{"line":22,"column":43}}},"5":{"name":"(anonymous_5)","line":28,"loc":{"start":{"line":28,"column":45},"end":{"line":28,"column":60}}},"6":{"name":"(anonymous_6)","line":30,"loc":{"start":{"line":30,"column":38},"end":{"line":30,"column":53}}}},"statementMap":{"1":{"start":{"line":6,"column":0},"end":{"line":44,"column":5}},"2":{"start":{"line":9,"column":2},"end":{"line":34,"column":3}},"3":{"start":{"line":10,"column":6},"end":{"line":33,"column":8}},"4":{"start":{"line":12,"column":10},"end":{"line":18,"column":9}},"5":{"start":{"line":13,"column":10},"end":{"line":13,"column":48}},"6":{"start":{"line":14,"column":12},"end":{"line":17,"column":13}},"7":{"start":{"line":16,"column":14},"end":{"line":16,"column":36}},"8":{"start":{"line":19,"column":8},"end":{"line":19,"column":21}},"9":{"start":{"line":23,"column":10},"end":{"line":23,"column":31}},"10":{"start":{"line":23,"column":21},"end":{"line":23,"column":31}},"11":{"start":{"line":24,"column":10},"end":{"line":26,"column":11}},"12":{"start":{"line":25,"column":12},"end":{"line":25,"column":23}},"13":{"start":{"line":27,"column":10},"end":{"line":31,"column":11}},"14":{"start":{"line":28,"column":12},"end":{"line":28,"column":101}},"15":{"start":{"line":28,"column":61},"end":{"line":28,"column":98}},"16":{"start":{"line":30,"column":12},"end":{"line":30,"column":83}},"17":{"start":{"line":30,"column":54},"end":{"line":30,"column":80}},"18":{"start":{"line":36,"column":2},"end":{"line":39,"column":4}},"19":{"start":{"line":40,"column":2},"end":{"line":40,"column":31}},"20":{"start":{"line":41,"column":2},"end":{"line":41,"column":39}},"21":{"start":{"line":42,"column":2},"end":{"line":42,"column":37}}},"branchMap":{"1":{"line":12,"type":"if","locations":[{"start":{"line":12,"column":10},"end":{"line":12,"column":10}},{"start":{"line":12,"column":10},"end":{"line":12,"column":10}}]},"2":{"line":12,"type":"binary-expr","locations":[{"start":{"line":12,"column":14},"end":{"line":12,"column":30}},{"start":{"line":12,"column":34},"end":{"line":12,"column":60}}]},"3":{"line":14,"type":"if","locations":[{"start":{"line":14,"column":12},"end":{"line":14,"column":12}},{"start":{"line":14,"column":12},"end":{"line":14,"column":12}}]},"4":{"line":14,"type":"binary-expr","locations":[{"start":{"line":14,"column":16},"end":{"line":14,"column":27}},{"start":{"line":14,"column":31},"end":{"line":14,"column":54}},{"start":{"line":15,"column":16},"end":{"line":15,"column":43}}]},"5":{"line":23,"type":"if","locations":[{"start":{"line":23,"column":10},"end":{"line":23,"column":10}},{"start":{"line":23,"column":10},"end":{"line":23,"column":10}}]},"6":{"line":24,"type":"if","locations":[{"start":{"line":24,"column":10},"end":{"line":24,"column":10}},{"start":{"line":24,"column":10},"end":{"line":24,"column":10}}]},"7":{"line":27,"type":"if","locations":[{"start":{"line":27,"column":10},"end":{"line":27,"column":10}},{"start":{"line":27,"column":10},"end":{"line":27,"column":10}}]}},"code":["/*globals json_locale_data: true */","/* This Source Code Form is subject to the terms of the Mozilla Public"," * License, v. 2.0. If a copy of the MPL was not distributed with this"," * file, You can obtain one at http://mozilla.org/MPL/2.0/. */","","(function() {","  \"use strict\";","","  function Gettext(params) {","      return {","        gettext: function (msgid) {","          if (json_locale_data && json_locale_data[\"client\"]) {","          var dict = json_locale_data[\"client\"];","            if (dict[msgid] && dict[msgid].length >= 2 &&","                dict[msgid][1].trim() != \"\") {","              return dict[msgid][1];","            }","        }","        return msgid;","        },","        // See lib/i18n.js format docs","        format: function (fmt, obj, named) {","          if (! fmt) return \"\";","          if (! fmt.replace) {","            return fmt;","          }","          if (named) {","            return fmt.replace(/%\\(\\w+\\)s/g, function(match){return String(obj[match.slice(2,-2)])});","          } else {","            return fmt.replace(/%s/g, function(match){return String(obj.shift())});","          }","        }","      };","  };","","  var params = {","        \"domain\" : \"client\",","        \"locale_data\" : json_locale_data","  };","  var gt = new Gettext(params);","  window.gettext = gt.gettext.bind(gt);","  window.format = gt.format.bind(gt);","","}());",""],"l":{"6":2,"9":1,"10":0,"12":0,"13":0,"14":0,"16":0,"19":0,"23":0,"24":0,"25":0,"27":0,"28":0,"30":0,"36":2,"40":0,"41":0,"42":0}}}